# Logfile created on 2018-05-11 08:55:12 -0600 by logger.rb/47272
[08:55:12.090848 INFO] Server host is http://localhost:8080
[08:55:12.090894 INFO] Analysis directory is /Users/dgoldwas/Documents/GitHub/NREL/OpenStudio-fault-models/pat_projects/PAT_FRP_condernser_fouling/temp_data/analysis_238947ed-fb40-4d51-9134-f79aa4ddceb1
[08:55:12.090928 INFO] Simulation directory is /Users/dgoldwas/Documents/GitHub/NREL/OpenStudio-fault-models/pat_projects/PAT_FRP_condernser_fouling/temp_data/analysis_238947ed-fb40-4d51-9134-f79aa4ddceb1/data_point_516f9a4c-6c3c-491c-aa34-6a3026b307d9
[08:55:12.090949 INFO] Run datapoint type/file is workflow
[08:55:12.090971 INFO] Starting initialize_worker for datapoint 516f9a4c-6c3c-491c-aa34-6a3026b307d9
[08:55:12.091019 INFO] write_lock_file exists, checking & waiting for receipt file
[08:55:12.091074 INFO] waiting for receipt file to appear
[08:55:15.095704 INFO] receipt_file appeared, moving on
[08:55:15.103825 INFO] Downloading datapoint from http://localhost:8080/data_points/516f9a4c-6c3c-491c-aa34-6a3026b307d9.json
[08:55:15.132577 INFO] Creating Workflow Manager instance
[08:55:15.132649 INFO] Directory is /Users/dgoldwas/Documents/GitHub/NREL/OpenStudio-fault-models/pat_projects/PAT_FRP_condernser_fouling/temp_data/analysis_238947ed-fb40-4d51-9134-f79aa4ddceb1/data_point_516f9a4c-6c3c-491c-aa34-6a3026b307d9
[08:55:15.132695 INFO] Opening run.log file '/Users/dgoldwas/Documents/GitHub/NREL/OpenStudio-fault-models/pat_projects/PAT_FRP_condernser_fouling/temp_data/analysis_238947ed-fb40-4d51-9134-f79aa4ddceb1/data_point_516f9a4c-6c3c-491c-aa34-6a3026b307d9/run/run.log'
[08:55:15.172135 INFO] Running workflow
[08:55:57.835003 INFO] Final run state is finished
[08:55:57.893826 INFO] Saving files/reports back to the server
[08:55:57.894571 INFO] Saving report /Users/dgoldwas/Documents/GitHub/NREL/OpenStudio-fault-models/pat_projects/PAT_FRP_condernser_fouling/temp_data/analysis_238947ed-fb40-4d51-9134-f79aa4ddceb1/data_point_516f9a4c-6c3c-491c-aa34-6a3026b307d9/reports/eplustbl.html to http://localhost:8080/data_points/516f9a4c-6c3c-491c-aa34-6a3026b307d9/upload_file
[08:55:58.075843 INFO] Saving report responded with {"id":"5af5aefe104ea2923f61a767","data_point_id":"516f9a4c-6c3c-491c-aa34-6a3026b307d9","display_name":"eplustbl","type":"Report","created_at":"2018-05-11T14:55:58.058Z","updated_at":"2018-05-11T14:55:58.058Z"}
[08:55:58.075984 INFO] Saving report /Users/dgoldwas/Documents/GitHub/NREL/OpenStudio-fault-models/pat_projects/PAT_FRP_condernser_fouling/temp_data/analysis_238947ed-fb40-4d51-9134-f79aa4ddceb1/data_point_516f9a4c-6c3c-491c-aa34-6a3026b307d9/reports/openstudio_results_report.html to http://localhost:8080/data_points/516f9a4c-6c3c-491c-aa34-6a3026b307d9/upload_file
[08:55:58.370310 INFO] Saving report responded with {"id":"5af5aefe104ea2923f61a769","data_point_id":"516f9a4c-6c3c-491c-aa34-6a3026b307d9","display_name":"openstudio_results_report","type":"Report","created_at":"2018-05-11T14:55:58.355Z","updated_at":"2018-05-11T14:55:58.355Z"}
[08:55:58.370445 INFO] Saving report /Users/dgoldwas/Documents/GitHub/NREL/OpenStudio-fault-models/pat_projects/PAT_FRP_condernser_fouling/temp_data/analysis_238947ed-fb40-4d51-9134-f79aa4ddceb1/data_point_516f9a4c-6c3c-491c-aa34-6a3026b307d9/reports/timeseries_objective_function_report_Cooling Capacity.html to http://localhost:8080/data_points/516f9a4c-6c3c-491c-aa34-6a3026b307d9/upload_file
[08:55:58.527274 INFO] Saving report responded with {"id":"5af5aefe104ea2923f61a76b","data_point_id":"516f9a4c-6c3c-491c-aa34-6a3026b307d9","display_name":"timeseries_objective_function_report_Cooling Capacity","type":"Report","created_at":"2018-05-11T14:55:58.512Z","updated_at":"2018-05-11T14:55:58.512Z"}
[08:55:58.527417 INFO] Saving report /Users/dgoldwas/Documents/GitHub/NREL/OpenStudio-fault-models/pat_projects/PAT_FRP_condernser_fouling/temp_data/analysis_238947ed-fb40-4d51-9134-f79aa4ddceb1/data_point_516f9a4c-6c3c-491c-aa34-6a3026b307d9/reports/timeseries_objective_function_report_Cooling Consumption.html to http://localhost:8080/data_points/516f9a4c-6c3c-491c-aa34-6a3026b307d9/upload_file
[08:55:58.636265 INFO] Saving report responded with {"id":"5af5aefe104ea2923f61a76d","data_point_id":"516f9a4c-6c3c-491c-aa34-6a3026b307d9","display_name":"timeseries_objective_function_report_Cooling Consumption","type":"Report","created_at":"2018-05-11T14:55:58.620Z","updated_at":"2018-05-11T14:55:58.620Z"}
[08:55:58.636401 INFO] Saving report /Users/dgoldwas/Documents/GitHub/NREL/OpenStudio-fault-models/pat_projects/PAT_FRP_condernser_fouling/temp_data/analysis_238947ed-fb40-4d51-9134-f79aa4ddceb1/data_point_516f9a4c-6c3c-491c-aa34-6a3026b307d9/reports/timeseries_objective_function_report_Equipment Consumption.html to http://localhost:8080/data_points/516f9a4c-6c3c-491c-aa34-6a3026b307d9/upload_file
[08:55:58.721398 INFO] Saving report responded with {"id":"5af5aefe104ea2923f61a76e","data_point_id":"516f9a4c-6c3c-491c-aa34-6a3026b307d9","display_name":"timeseries_objective_function_report_Equipment Consumption","type":"Report","created_at":"2018-05-11T14:55:58.680Z","updated_at":"2018-05-11T14:55:58.680Z"}
[08:55:58.721527 INFO] Saving report /Users/dgoldwas/Documents/GitHub/NREL/OpenStudio-fault-models/pat_projects/PAT_FRP_condernser_fouling/temp_data/analysis_238947ed-fb40-4d51-9134-f79aa4ddceb1/data_point_516f9a4c-6c3c-491c-aa34-6a3026b307d9/reports/timeseries_objective_function_report_Fan Consumption.html to http://localhost:8080/data_points/516f9a4c-6c3c-491c-aa34-6a3026b307d9/upload_file
[08:55:58.803936 INFO] Saving report responded with {"id":"5af5aefe104ea2923f61a76f","data_point_id":"516f9a4c-6c3c-491c-aa34-6a3026b307d9","display_name":"timeseries_objective_function_report_Fan Consumption","type":"Report","created_at":"2018-05-11T14:55:58.790Z","updated_at":"2018-05-11T14:55:58.790Z"}
[08:55:58.804075 INFO] Saving report /Users/dgoldwas/Documents/GitHub/NREL/OpenStudio-fault-models/pat_projects/PAT_FRP_condernser_fouling/temp_data/analysis_238947ed-fb40-4d51-9134-f79aa4ddceb1/data_point_516f9a4c-6c3c-491c-aa34-6a3026b307d9/reports/timeseries_objective_function_report_Heating Consumption.html to http://localhost:8080/data_points/516f9a4c-6c3c-491c-aa34-6a3026b307d9/upload_file
[08:55:58.928703 INFO] Saving report responded with {"id":"5af5aefe104ea2923f61a771","data_point_id":"516f9a4c-6c3c-491c-aa34-6a3026b307d9","display_name":"timeseries_objective_function_report_Heating Consumption","type":"Report","created_at":"2018-05-11T14:55:58.908Z","updated_at":"2018-05-11T14:55:58.908Z"}
[08:55:58.928887 INFO] Saving report /Users/dgoldwas/Documents/GitHub/NREL/OpenStudio-fault-models/pat_projects/PAT_FRP_condernser_fouling/temp_data/analysis_238947ed-fb40-4d51-9134-f79aa4ddceb1/data_point_516f9a4c-6c3c-491c-aa34-6a3026b307d9/reports/timeseries_objective_function_report_Lighting Consumption.html to http://localhost:8080/data_points/516f9a4c-6c3c-491c-aa34-6a3026b307d9/upload_file
[08:55:59.039236 INFO] Saving report responded with {"id":"5af5aeff104ea2923f61a773","data_point_id":"516f9a4c-6c3c-491c-aa34-6a3026b307d9","display_name":"timeseries_objective_function_report_Lighting Consumption","type":"Report","created_at":"2018-05-11T14:55:59.023Z","updated_at":"2018-05-11T14:55:59.023Z"}
[08:55:59.039357 INFO] Saving report /Users/dgoldwas/Documents/GitHub/NREL/OpenStudio-fault-models/pat_projects/PAT_FRP_condernser_fouling/temp_data/analysis_238947ed-fb40-4d51-9134-f79aa4ddceb1/data_point_516f9a4c-6c3c-491c-aa34-6a3026b307d9/reports/timeseries_objective_function_report_Outdoor Air Temperature.html to http://localhost:8080/data_points/516f9a4c-6c3c-491c-aa34-6a3026b307d9/upload_file
[08:55:59.239474 INFO] Saving report responded with {"id":"5af5aeff104ea2923f61a775","data_point_id":"516f9a4c-6c3c-491c-aa34-6a3026b307d9","display_name":"timeseries_objective_function_report_Outdoor Air Temperature","type":"Report","created_at":"2018-05-11T14:55:59.225Z","updated_at":"2018-05-11T14:55:59.225Z"}
[08:55:59.239634 INFO] Saving report /Users/dgoldwas/Documents/GitHub/NREL/OpenStudio-fault-models/pat_projects/PAT_FRP_condernser_fouling/temp_data/analysis_238947ed-fb40-4d51-9134-f79aa4ddceb1/data_point_516f9a4c-6c3c-491c-aa34-6a3026b307d9/reports/timeseries_objective_function_report_RTU Enter.html to http://localhost:8080/data_points/516f9a4c-6c3c-491c-aa34-6a3026b307d9/upload_file
[08:55:59.465576 INFO] Saving report responded with {"id":"5af5aeff104ea2923f61a778","data_point_id":"516f9a4c-6c3c-491c-aa34-6a3026b307d9","display_name":"timeseries_objective_function_report_RTU Enter","type":"Report","created_at":"2018-05-11T14:55:59.452Z","updated_at":"2018-05-11T14:55:59.452Z"}
[08:55:59.465709 INFO] Saving report /Users/dgoldwas/Documents/GitHub/NREL/OpenStudio-fault-models/pat_projects/PAT_FRP_condernser_fouling/temp_data/analysis_238947ed-fb40-4d51-9134-f79aa4ddceb1/data_point_516f9a4c-6c3c-491c-aa34-6a3026b307d9/reports/timeseries_objective_function_report_RTU Exit.html to http://localhost:8080/data_points/516f9a4c-6c3c-491c-aa34-6a3026b307d9/upload_file
[08:55:59.841111 INFO] Saving report responded with {"id":"5af5aeff104ea2923f61a77b","data_point_id":"516f9a4c-6c3c-491c-aa34-6a3026b307d9","display_name":"timeseries_objective_function_report_RTU Exit","type":"Report","created_at":"2018-05-11T14:55:59.826Z","updated_at":"2018-05-11T14:55:59.826Z"}
[08:55:59.841277 INFO] Saving report /Users/dgoldwas/Documents/GitHub/NREL/OpenStudio-fault-models/pat_projects/PAT_FRP_condernser_fouling/temp_data/analysis_238947ed-fb40-4d51-9134-f79aa4ddceb1/data_point_516f9a4c-6c3c-491c-aa34-6a3026b307d9/reports/timeseries_objective_function_report_Standard Airflow Volume.html to http://localhost:8080/data_points/516f9a4c-6c3c-491c-aa34-6a3026b307d9/upload_file
[08:55:59.966171 INFO] Saving report responded with {"id":"5af5aeff104ea2923f61a77e","data_point_id":"516f9a4c-6c3c-491c-aa34-6a3026b307d9","display_name":"timeseries_objective_function_report_Standard Airflow Volume","type":"Report","created_at":"2018-05-11T14:55:59.953Z","updated_at":"2018-05-11T14:55:59.953Z"}
[08:55:59.966314 INFO] Saving report /Users/dgoldwas/Documents/GitHub/NREL/OpenStudio-fault-models/pat_projects/PAT_FRP_condernser_fouling/temp_data/analysis_238947ed-fb40-4d51-9134-f79aa4ddceb1/data_point_516f9a4c-6c3c-491c-aa34-6a3026b307d9/reports/timeseries_objective_function_report_Total Consumption.html to http://localhost:8080/data_points/516f9a4c-6c3c-491c-aa34-6a3026b307d9/upload_file
[08:56:00.110797 INFO] Saving report responded with {"id":"5af5af00104ea2923f61a781","data_point_id":"516f9a4c-6c3c-491c-aa34-6a3026b307d9","display_name":"timeseries_objective_function_report_Total Consumption","type":"Report","created_at":"2018-05-11T14:56:00.096Z","updated_at":"2018-05-11T14:56:00.096Z"}
[08:56:00.111016 INFO] Saving report /Users/dgoldwas/Documents/GitHub/NREL/OpenStudio-fault-models/pat_projects/PAT_FRP_condernser_fouling/temp_data/analysis_238947ed-fb40-4d51-9134-f79aa4ddceb1/data_point_516f9a4c-6c3c-491c-aa34-6a3026b307d9/run/objectives.json to http://localhost:8080/data_points/516f9a4c-6c3c-491c-aa34-6a3026b307d9/upload_file
[08:56:00.230044 INFO] Saving report responded with {"id":"5af5af00104ea2923f61a784","data_point_id":"516f9a4c-6c3c-491c-aa34-6a3026b307d9","display_name":"objectives","type":"Report","created_at":"2018-05-11T14:56:00.210Z","updated_at":"2018-05-11T14:56:00.210Z"}
[08:56:00.230231 INFO] Saving report /Users/dgoldwas/Documents/GitHub/NREL/OpenStudio-fault-models/pat_projects/PAT_FRP_condernser_fouling/temp_data/analysis_238947ed-fb40-4d51-9134-f79aa4ddceb1/data_point_516f9a4c-6c3c-491c-aa34-6a3026b307d9/out.osw to http://localhost:8080/data_points/516f9a4c-6c3c-491c-aa34-6a3026b307d9/upload_file
[08:56:00.409059 INFO] Saving report responded with {"id":"5af5af00104ea2923f61a787","data_point_id":"516f9a4c-6c3c-491c-aa34-6a3026b307d9","display_name":"Final OSW File","type":"Report","created_at":"2018-05-11T14:56:00.387Z","updated_at":"2018-05-11T14:56:00.387Z"}
[08:56:00.409268 INFO] Saving report /Users/dgoldwas/Documents/GitHub/NREL/OpenStudio-fault-models/pat_projects/PAT_FRP_condernser_fouling/temp_data/analysis_238947ed-fb40-4d51-9134-f79aa4ddceb1/data_point_516f9a4c-6c3c-491c-aa34-6a3026b307d9/in.osm to http://localhost:8080/data_points/516f9a4c-6c3c-491c-aa34-6a3026b307d9/upload_file
[08:56:00.543349 INFO] Saving report responded with {"id":"5af5af00104ea2923f61a78a","data_point_id":"516f9a4c-6c3c-491c-aa34-6a3026b307d9","display_name":"model","type":"OpenStudio Model","created_at":"2018-05-11T14:56:00.523Z","updated_at":"2018-05-11T14:56:00.523Z"}
[08:56:00.543531 INFO] Saving report /Users/dgoldwas/Documents/GitHub/NREL/OpenStudio-fault-models/pat_projects/PAT_FRP_condernser_fouling/temp_data/analysis_238947ed-fb40-4d51-9134-f79aa4ddceb1/data_point_516f9a4c-6c3c-491c-aa34-6a3026b307d9/run/data_point.zip to http://localhost:8080/data_points/516f9a4c-6c3c-491c-aa34-6a3026b307d9/upload_file
[08:56:00.696808 INFO] Saving report responded with {"id":"5af5af00104ea2923f61a78d","data_point_id":"516f9a4c-6c3c-491c-aa34-6a3026b307d9","display_name":"Zip File","type":"Data Point","created_at":"2018-05-11T14:56:00.677Z","updated_at":"2018-05-11T14:56:00.677Z"}
[08:56:00.708479 INFO] Finished /Applications/OpenStudio-2.5.1/ParametricAnalysisTool.app/Contents/Resources/OpenStudio-server/server/app/workers/run_simulate_data_point.rb
