# Logfile created on 2018-05-11 08:55:14 -0600 by logger.rb/47272
[08:55:14.378754 INFO] Server host is http://localhost:8080
[08:55:14.378840 INFO] Analysis directory is /Users/dgoldwas/Documents/GitHub/NREL/OpenStudio-fault-models/pat_projects/PAT_FRP_condernser_fouling/temp_data/analysis_238947ed-fb40-4d51-9134-f79aa4ddceb1
[08:55:14.378904 INFO] Simulation directory is /Users/dgoldwas/Documents/GitHub/NREL/OpenStudio-fault-models/pat_projects/PAT_FRP_condernser_fouling/temp_data/analysis_238947ed-fb40-4d51-9134-f79aa4ddceb1/data_point_c38c9d91-e335-479a-9a24-9eca1289e54b
[08:55:14.378938 INFO] Run datapoint type/file is workflow
[08:55:14.378976 INFO] Starting initialize_worker for datapoint c38c9d91-e335-479a-9a24-9eca1289e54b
[08:55:14.379039 INFO] receipt_file already exists, moving on
[08:55:14.392156 INFO] Downloading datapoint from http://localhost:8080/data_points/c38c9d91-e335-479a-9a24-9eca1289e54b.json
[08:55:14.425617 INFO] Creating Workflow Manager instance
[08:55:14.425704 INFO] Directory is /Users/dgoldwas/Documents/GitHub/NREL/OpenStudio-fault-models/pat_projects/PAT_FRP_condernser_fouling/temp_data/analysis_238947ed-fb40-4d51-9134-f79aa4ddceb1/data_point_c38c9d91-e335-479a-9a24-9eca1289e54b
[08:55:14.425745 INFO] Opening run.log file '/Users/dgoldwas/Documents/GitHub/NREL/OpenStudio-fault-models/pat_projects/PAT_FRP_condernser_fouling/temp_data/analysis_238947ed-fb40-4d51-9134-f79aa4ddceb1/data_point_c38c9d91-e335-479a-9a24-9eca1289e54b/run/run.log'
[08:55:14.461297 INFO] Running workflow
[08:56:14.881452 INFO] Final run state is finished
[08:56:14.923794 INFO] Saving files/reports back to the server
[08:56:14.924510 INFO] Saving report /Users/dgoldwas/Documents/GitHub/NREL/OpenStudio-fault-models/pat_projects/PAT_FRP_condernser_fouling/temp_data/analysis_238947ed-fb40-4d51-9134-f79aa4ddceb1/data_point_c38c9d91-e335-479a-9a24-9eca1289e54b/reports/eplustbl.html to http://localhost:8080/data_points/c38c9d91-e335-479a-9a24-9eca1289e54b/upload_file
[08:56:14.981967 INFO] Saving report responded with {"id":"5af5af0e104ea2923f61a7a0","data_point_id":"c38c9d91-e335-479a-9a24-9eca1289e54b","display_name":"eplustbl","type":"Report","created_at":"2018-05-11T14:56:14.969Z","updated_at":"2018-05-11T14:56:14.969Z"}
[08:56:14.982075 INFO] Saving report /Users/dgoldwas/Documents/GitHub/NREL/OpenStudio-fault-models/pat_projects/PAT_FRP_condernser_fouling/temp_data/analysis_238947ed-fb40-4d51-9134-f79aa4ddceb1/data_point_c38c9d91-e335-479a-9a24-9eca1289e54b/reports/openstudio_results_report.html to http://localhost:8080/data_points/c38c9d91-e335-479a-9a24-9eca1289e54b/upload_file
[08:56:15.187894 INFO] Saving report responded with {"id":"5af5af0f104ea2923f61a7a1","data_point_id":"c38c9d91-e335-479a-9a24-9eca1289e54b","display_name":"openstudio_results_report","type":"Report","created_at":"2018-05-11T14:56:15.175Z","updated_at":"2018-05-11T14:56:15.175Z"}
[08:56:15.188004 INFO] Saving report /Users/dgoldwas/Documents/GitHub/NREL/OpenStudio-fault-models/pat_projects/PAT_FRP_condernser_fouling/temp_data/analysis_238947ed-fb40-4d51-9134-f79aa4ddceb1/data_point_c38c9d91-e335-479a-9a24-9eca1289e54b/reports/timeseries_objective_function_report_Cooling Capacity.html to http://localhost:8080/data_points/c38c9d91-e335-479a-9a24-9eca1289e54b/upload_file
[08:56:15.227745 INFO] Saving report responded with {"id":"5af5af0f104ea2923f61a7a2","data_point_id":"c38c9d91-e335-479a-9a24-9eca1289e54b","display_name":"timeseries_objective_function_report_Cooling Capacity","type":"Report","created_at":"2018-05-11T14:56:15.215Z","updated_at":"2018-05-11T14:56:15.215Z"}
[08:56:15.227863 INFO] Saving report /Users/dgoldwas/Documents/GitHub/NREL/OpenStudio-fault-models/pat_projects/PAT_FRP_condernser_fouling/temp_data/analysis_238947ed-fb40-4d51-9134-f79aa4ddceb1/data_point_c38c9d91-e335-479a-9a24-9eca1289e54b/reports/timeseries_objective_function_report_Cooling Consumption.html to http://localhost:8080/data_points/c38c9d91-e335-479a-9a24-9eca1289e54b/upload_file
[08:56:15.267597 INFO] Saving report responded with {"id":"5af5af0f104ea2923f61a7a3","data_point_id":"c38c9d91-e335-479a-9a24-9eca1289e54b","display_name":"timeseries_objective_function_report_Cooling Consumption","type":"Report","created_at":"2018-05-11T14:56:15.256Z","updated_at":"2018-05-11T14:56:15.256Z"}
[08:56:15.267714 INFO] Saving report /Users/dgoldwas/Documents/GitHub/NREL/OpenStudio-fault-models/pat_projects/PAT_FRP_condernser_fouling/temp_data/analysis_238947ed-fb40-4d51-9134-f79aa4ddceb1/data_point_c38c9d91-e335-479a-9a24-9eca1289e54b/reports/timeseries_objective_function_report_Equipment Consumption.html to http://localhost:8080/data_points/c38c9d91-e335-479a-9a24-9eca1289e54b/upload_file
[08:56:15.447324 INFO] Saving report responded with {"id":"5af5af0f104ea2923f61a7a4","data_point_id":"c38c9d91-e335-479a-9a24-9eca1289e54b","display_name":"timeseries_objective_function_report_Equipment Consumption","type":"Report","created_at":"2018-05-11T14:56:15.434Z","updated_at":"2018-05-11T14:56:15.434Z"}
[08:56:15.447415 INFO] Saving report /Users/dgoldwas/Documents/GitHub/NREL/OpenStudio-fault-models/pat_projects/PAT_FRP_condernser_fouling/temp_data/analysis_238947ed-fb40-4d51-9134-f79aa4ddceb1/data_point_c38c9d91-e335-479a-9a24-9eca1289e54b/reports/timeseries_objective_function_report_Fan Consumption.html to http://localhost:8080/data_points/c38c9d91-e335-479a-9a24-9eca1289e54b/upload_file
[08:56:15.803967 INFO] Saving report responded with {"id":"5af5af0f104ea2923f61a7a5","data_point_id":"c38c9d91-e335-479a-9a24-9eca1289e54b","display_name":"timeseries_objective_function_report_Fan Consumption","type":"Report","created_at":"2018-05-11T14:56:15.790Z","updated_at":"2018-05-11T14:56:15.790Z"}
[08:56:15.804088 INFO] Saving report /Users/dgoldwas/Documents/GitHub/NREL/OpenStudio-fault-models/pat_projects/PAT_FRP_condernser_fouling/temp_data/analysis_238947ed-fb40-4d51-9134-f79aa4ddceb1/data_point_c38c9d91-e335-479a-9a24-9eca1289e54b/reports/timeseries_objective_function_report_Heating Consumption.html to http://localhost:8080/data_points/c38c9d91-e335-479a-9a24-9eca1289e54b/upload_file
[08:56:15.906368 INFO] Saving report responded with {"id":"5af5af0f104ea2923f61a7a7","data_point_id":"c38c9d91-e335-479a-9a24-9eca1289e54b","display_name":"timeseries_objective_function_report_Heating Consumption","type":"Report","created_at":"2018-05-11T14:56:15.894Z","updated_at":"2018-05-11T14:56:15.894Z"}
[08:56:15.906478 INFO] Saving report /Users/dgoldwas/Documents/GitHub/NREL/OpenStudio-fault-models/pat_projects/PAT_FRP_condernser_fouling/temp_data/analysis_238947ed-fb40-4d51-9134-f79aa4ddceb1/data_point_c38c9d91-e335-479a-9a24-9eca1289e54b/reports/timeseries_objective_function_report_Lighting Consumption.html to http://localhost:8080/data_points/c38c9d91-e335-479a-9a24-9eca1289e54b/upload_file
[08:56:16.104201 INFO] Saving report responded with {"id":"5af5af10104ea2923f61a7a9","data_point_id":"c38c9d91-e335-479a-9a24-9eca1289e54b","display_name":"timeseries_objective_function_report_Lighting Consumption","type":"Report","created_at":"2018-05-11T14:56:16.092Z","updated_at":"2018-05-11T14:56:16.092Z"}
[08:56:16.104321 INFO] Saving report /Users/dgoldwas/Documents/GitHub/NREL/OpenStudio-fault-models/pat_projects/PAT_FRP_condernser_fouling/temp_data/analysis_238947ed-fb40-4d51-9134-f79aa4ddceb1/data_point_c38c9d91-e335-479a-9a24-9eca1289e54b/reports/timeseries_objective_function_report_Outdoor Air Temperature.html to http://localhost:8080/data_points/c38c9d91-e335-479a-9a24-9eca1289e54b/upload_file
[08:56:16.188438 INFO] Saving report responded with {"id":"5af5af10104ea2923f61a7ab","data_point_id":"c38c9d91-e335-479a-9a24-9eca1289e54b","display_name":"timeseries_objective_function_report_Outdoor Air Temperature","type":"Report","created_at":"2018-05-11T14:56:16.168Z","updated_at":"2018-05-11T14:56:16.168Z"}
[08:56:16.188579 INFO] Saving report /Users/dgoldwas/Documents/GitHub/NREL/OpenStudio-fault-models/pat_projects/PAT_FRP_condernser_fouling/temp_data/analysis_238947ed-fb40-4d51-9134-f79aa4ddceb1/data_point_c38c9d91-e335-479a-9a24-9eca1289e54b/reports/timeseries_objective_function_report_RTU Enter.html to http://localhost:8080/data_points/c38c9d91-e335-479a-9a24-9eca1289e54b/upload_file
[08:56:16.268215 INFO] Saving report responded with {"id":"5af5af10104ea2923f61a7ad","data_point_id":"c38c9d91-e335-479a-9a24-9eca1289e54b","display_name":"timeseries_objective_function_report_RTU Enter","type":"Report","created_at":"2018-05-11T14:56:16.255Z","updated_at":"2018-05-11T14:56:16.255Z"}
[08:56:16.268330 INFO] Saving report /Users/dgoldwas/Documents/GitHub/NREL/OpenStudio-fault-models/pat_projects/PAT_FRP_condernser_fouling/temp_data/analysis_238947ed-fb40-4d51-9134-f79aa4ddceb1/data_point_c38c9d91-e335-479a-9a24-9eca1289e54b/reports/timeseries_objective_function_report_RTU Exit.html to http://localhost:8080/data_points/c38c9d91-e335-479a-9a24-9eca1289e54b/upload_file
[08:56:16.358960 INFO] Saving report responded with {"id":"5af5af10104ea2923f61a7af","data_point_id":"c38c9d91-e335-479a-9a24-9eca1289e54b","display_name":"timeseries_objective_function_report_RTU Exit","type":"Report","created_at":"2018-05-11T14:56:16.345Z","updated_at":"2018-05-11T14:56:16.345Z"}
[08:56:16.359084 INFO] Saving report /Users/dgoldwas/Documents/GitHub/NREL/OpenStudio-fault-models/pat_projects/PAT_FRP_condernser_fouling/temp_data/analysis_238947ed-fb40-4d51-9134-f79aa4ddceb1/data_point_c38c9d91-e335-479a-9a24-9eca1289e54b/reports/timeseries_objective_function_report_Standard Airflow Volume.html to http://localhost:8080/data_points/c38c9d91-e335-479a-9a24-9eca1289e54b/upload_file
[08:56:16.453868 INFO] Saving report responded with {"id":"5af5af10104ea2923f61a7b1","data_point_id":"c38c9d91-e335-479a-9a24-9eca1289e54b","display_name":"timeseries_objective_function_report_Standard Airflow Volume","type":"Report","created_at":"2018-05-11T14:56:16.423Z","updated_at":"2018-05-11T14:56:16.423Z"}
[08:56:16.454001 INFO] Saving report /Users/dgoldwas/Documents/GitHub/NREL/OpenStudio-fault-models/pat_projects/PAT_FRP_condernser_fouling/temp_data/analysis_238947ed-fb40-4d51-9134-f79aa4ddceb1/data_point_c38c9d91-e335-479a-9a24-9eca1289e54b/reports/timeseries_objective_function_report_Total Consumption.html to http://localhost:8080/data_points/c38c9d91-e335-479a-9a24-9eca1289e54b/upload_file
[08:56:16.534387 INFO] Saving report responded with {"id":"5af5af10104ea2923f61a7b3","data_point_id":"c38c9d91-e335-479a-9a24-9eca1289e54b","display_name":"timeseries_objective_function_report_Total Consumption","type":"Report","created_at":"2018-05-11T14:56:16.519Z","updated_at":"2018-05-11T14:56:16.519Z"}
[08:56:16.534564 INFO] Saving report /Users/dgoldwas/Documents/GitHub/NREL/OpenStudio-fault-models/pat_projects/PAT_FRP_condernser_fouling/temp_data/analysis_238947ed-fb40-4d51-9134-f79aa4ddceb1/data_point_c38c9d91-e335-479a-9a24-9eca1289e54b/run/objectives.json to http://localhost:8080/data_points/c38c9d91-e335-479a-9a24-9eca1289e54b/upload_file
[08:56:16.611286 INFO] Saving report responded with {"id":"5af5af10104ea2923f61a7b5","data_point_id":"c38c9d91-e335-479a-9a24-9eca1289e54b","display_name":"objectives","type":"Report","created_at":"2018-05-11T14:56:16.598Z","updated_at":"2018-05-11T14:56:16.598Z"}
[08:56:16.611488 INFO] Saving report /Users/dgoldwas/Documents/GitHub/NREL/OpenStudio-fault-models/pat_projects/PAT_FRP_condernser_fouling/temp_data/analysis_238947ed-fb40-4d51-9134-f79aa4ddceb1/data_point_c38c9d91-e335-479a-9a24-9eca1289e54b/out.osw to http://localhost:8080/data_points/c38c9d91-e335-479a-9a24-9eca1289e54b/upload_file
[08:56:16.733899 INFO] Saving report responded with {"id":"5af5af10104ea2923f61a7b7","data_point_id":"c38c9d91-e335-479a-9a24-9eca1289e54b","display_name":"Final OSW File","type":"Report","created_at":"2018-05-11T14:56:16.716Z","updated_at":"2018-05-11T14:56:16.716Z"}
[08:56:16.734125 INFO] Saving report /Users/dgoldwas/Documents/GitHub/NREL/OpenStudio-fault-models/pat_projects/PAT_FRP_condernser_fouling/temp_data/analysis_238947ed-fb40-4d51-9134-f79aa4ddceb1/data_point_c38c9d91-e335-479a-9a24-9eca1289e54b/in.osm to http://localhost:8080/data_points/c38c9d91-e335-479a-9a24-9eca1289e54b/upload_file
[08:56:16.819689 INFO] Saving report responded with {"id":"5af5af10104ea2923f61a7b9","data_point_id":"c38c9d91-e335-479a-9a24-9eca1289e54b","display_name":"model","type":"OpenStudio Model","created_at":"2018-05-11T14:56:16.803Z","updated_at":"2018-05-11T14:56:16.803Z"}
[08:56:16.819866 INFO] Saving report /Users/dgoldwas/Documents/GitHub/NREL/OpenStudio-fault-models/pat_projects/PAT_FRP_condernser_fouling/temp_data/analysis_238947ed-fb40-4d51-9134-f79aa4ddceb1/data_point_c38c9d91-e335-479a-9a24-9eca1289e54b/run/data_point.zip to http://localhost:8080/data_points/c38c9d91-e335-479a-9a24-9eca1289e54b/upload_file
[08:56:16.980589 INFO] Saving report responded with {"id":"5af5af10104ea2923f61a7bc","data_point_id":"c38c9d91-e335-479a-9a24-9eca1289e54b","display_name":"Zip File","type":"Data Point","created_at":"2018-05-11T14:56:16.964Z","updated_at":"2018-05-11T14:56:16.964Z"}
[08:56:16.996156 INFO] Finished /Applications/OpenStudio-2.5.1/ParametricAnalysisTool.app/Contents/Resources/OpenStudio-server/server/app/workers/run_simulate_data_point.rb
