# Logfile created on 2018-05-09 02:04:11 -0600 by logger.rb/47272
[02:04:11.651531 INFO] Server host is http://localhost:8080
[02:04:11.651594 INFO] Analysis directory is /Users/dgoldwas/Documents/GitHub/NREL/OpenStudio-fault-models/pat_projects/PAT_FRP_condernser_fouling/temp_data/analysis_16e80b16-a637-4287-8486-d31b396b2550
[02:04:11.651639 INFO] Simulation directory is /Users/dgoldwas/Documents/GitHub/NREL/OpenStudio-fault-models/pat_projects/PAT_FRP_condernser_fouling/temp_data/analysis_16e80b16-a637-4287-8486-d31b396b2550/data_point_26dce447-47c8-426d-ac9c-752da5bcf493
[02:04:11.651669 INFO] Run datapoint type/file is workflow
[02:04:11.651702 INFO] Starting initialize_worker for datapoint 26dce447-47c8-426d-ac9c-752da5bcf493
[02:04:11.651782 INFO] write_lock_file exists, checking & waiting for receipt file
[02:04:11.651896 INFO] waiting for receipt file to appear
[02:04:14.655200 INFO] receipt_file appeared, moving on
[02:04:14.661991 INFO] Downloading datapoint from http://localhost:8080/data_points/26dce447-47c8-426d-ac9c-752da5bcf493.json
[02:04:14.688444 INFO] Creating Workflow Manager instance
[02:04:14.688507 INFO] Directory is /Users/dgoldwas/Documents/GitHub/NREL/OpenStudio-fault-models/pat_projects/PAT_FRP_condernser_fouling/temp_data/analysis_16e80b16-a637-4287-8486-d31b396b2550/data_point_26dce447-47c8-426d-ac9c-752da5bcf493
[02:04:14.688543 INFO] Opening run.log file '/Users/dgoldwas/Documents/GitHub/NREL/OpenStudio-fault-models/pat_projects/PAT_FRP_condernser_fouling/temp_data/analysis_16e80b16-a637-4287-8486-d31b396b2550/data_point_26dce447-47c8-426d-ac9c-752da5bcf493/run/run.log'
[02:04:14.724427 INFO] Running workflow
[02:04:55.380319 INFO] Final run state is finished
[02:04:55.416912 INFO] Saving files/reports back to the server
[02:04:55.417975 INFO] Saving report /Users/dgoldwas/Documents/GitHub/NREL/OpenStudio-fault-models/pat_projects/PAT_FRP_condernser_fouling/temp_data/analysis_16e80b16-a637-4287-8486-d31b396b2550/data_point_26dce447-47c8-426d-ac9c-752da5bcf493/reports/eplustbl.html to http://localhost:8080/data_points/26dce447-47c8-426d-ac9c-752da5bcf493/upload_file
[02:04:55.507876 INFO] Saving report responded with {"id":"5af2aba7104ea2cd066c1480","data_point_id":"26dce447-47c8-426d-ac9c-752da5bcf493","display_name":"eplustbl","type":"Report","created_at":"2018-05-09T08:04:55.483Z","updated_at":"2018-05-09T08:04:55.483Z"}
[02:04:55.508020 INFO] Saving report /Users/dgoldwas/Documents/GitHub/NREL/OpenStudio-fault-models/pat_projects/PAT_FRP_condernser_fouling/temp_data/analysis_16e80b16-a637-4287-8486-d31b396b2550/data_point_26dce447-47c8-426d-ac9c-752da5bcf493/reports/openstudio_results_report.html to http://localhost:8080/data_points/26dce447-47c8-426d-ac9c-752da5bcf493/upload_file
[02:04:55.789123 INFO] Saving report responded with {"id":"5af2aba7104ea2cd066c1482","data_point_id":"26dce447-47c8-426d-ac9c-752da5bcf493","display_name":"openstudio_results_report","type":"Report","created_at":"2018-05-09T08:04:55.775Z","updated_at":"2018-05-09T08:04:55.775Z"}
[02:04:55.789258 INFO] Saving report /Users/dgoldwas/Documents/GitHub/NREL/OpenStudio-fault-models/pat_projects/PAT_FRP_condernser_fouling/temp_data/analysis_16e80b16-a637-4287-8486-d31b396b2550/data_point_26dce447-47c8-426d-ac9c-752da5bcf493/reports/timeseries_objective_function_report_Cooling Consumption.html to http://localhost:8080/data_points/26dce447-47c8-426d-ac9c-752da5bcf493/upload_file
[02:04:55.864483 INFO] Saving report responded with {"id":"5af2aba7104ea2cd066c1484","data_point_id":"26dce447-47c8-426d-ac9c-752da5bcf493","display_name":"timeseries_objective_function_report_Cooling Consumption","type":"Report","created_at":"2018-05-09T08:04:55.851Z","updated_at":"2018-05-09T08:04:55.851Z"}
[02:04:55.864604 INFO] Saving report /Users/dgoldwas/Documents/GitHub/NREL/OpenStudio-fault-models/pat_projects/PAT_FRP_condernser_fouling/temp_data/analysis_16e80b16-a637-4287-8486-d31b396b2550/data_point_26dce447-47c8-426d-ac9c-752da5bcf493/reports/timeseries_objective_function_report_Equipment Consumption.html to http://localhost:8080/data_points/26dce447-47c8-426d-ac9c-752da5bcf493/upload_file
[02:04:55.955681 INFO] Saving report responded with {"id":"5af2aba7104ea2cd066c1486","data_point_id":"26dce447-47c8-426d-ac9c-752da5bcf493","display_name":"timeseries_objective_function_report_Equipment Consumption","type":"Report","created_at":"2018-05-09T08:04:55.940Z","updated_at":"2018-05-09T08:04:55.940Z"}
[02:04:55.955822 INFO] Saving report /Users/dgoldwas/Documents/GitHub/NREL/OpenStudio-fault-models/pat_projects/PAT_FRP_condernser_fouling/temp_data/analysis_16e80b16-a637-4287-8486-d31b396b2550/data_point_26dce447-47c8-426d-ac9c-752da5bcf493/reports/timeseries_objective_function_report_Fan Consumption.html to http://localhost:8080/data_points/26dce447-47c8-426d-ac9c-752da5bcf493/upload_file
[02:04:56.039480 INFO] Saving report responded with {"id":"5af2aba8104ea2cd066c1488","data_point_id":"26dce447-47c8-426d-ac9c-752da5bcf493","display_name":"timeseries_objective_function_report_Fan Consumption","type":"Report","created_at":"2018-05-09T08:04:56.028Z","updated_at":"2018-05-09T08:04:56.028Z"}
[02:04:56.039594 INFO] Saving report /Users/dgoldwas/Documents/GitHub/NREL/OpenStudio-fault-models/pat_projects/PAT_FRP_condernser_fouling/temp_data/analysis_16e80b16-a637-4287-8486-d31b396b2550/data_point_26dce447-47c8-426d-ac9c-752da5bcf493/reports/timeseries_objective_function_report_Heating Consumption.html to http://localhost:8080/data_points/26dce447-47c8-426d-ac9c-752da5bcf493/upload_file
[02:04:56.119696 INFO] Saving report responded with {"id":"5af2aba8104ea2cd066c148a","data_point_id":"26dce447-47c8-426d-ac9c-752da5bcf493","display_name":"timeseries_objective_function_report_Heating Consumption","type":"Report","created_at":"2018-05-09T08:04:56.093Z","updated_at":"2018-05-09T08:04:56.093Z"}
[02:04:56.119851 INFO] Saving report /Users/dgoldwas/Documents/GitHub/NREL/OpenStudio-fault-models/pat_projects/PAT_FRP_condernser_fouling/temp_data/analysis_16e80b16-a637-4287-8486-d31b396b2550/data_point_26dce447-47c8-426d-ac9c-752da5bcf493/reports/timeseries_objective_function_report_Lighting Consumption.html to http://localhost:8080/data_points/26dce447-47c8-426d-ac9c-752da5bcf493/upload_file
[02:04:56.196575 INFO] Saving report responded with {"id":"5af2aba8104ea2cd066c148c","data_point_id":"26dce447-47c8-426d-ac9c-752da5bcf493","display_name":"timeseries_objective_function_report_Lighting Consumption","type":"Report","created_at":"2018-05-09T08:04:56.182Z","updated_at":"2018-05-09T08:04:56.182Z"}
[02:04:56.196732 INFO] Saving report /Users/dgoldwas/Documents/GitHub/NREL/OpenStudio-fault-models/pat_projects/PAT_FRP_condernser_fouling/temp_data/analysis_16e80b16-a637-4287-8486-d31b396b2550/data_point_26dce447-47c8-426d-ac9c-752da5bcf493/reports/timeseries_objective_function_report_Outdoor Air Temperature.html to http://localhost:8080/data_points/26dce447-47c8-426d-ac9c-752da5bcf493/upload_file
[02:04:56.380935 INFO] Saving report responded with {"id":"5af2aba8104ea2cd066c148e","data_point_id":"26dce447-47c8-426d-ac9c-752da5bcf493","display_name":"timeseries_objective_function_report_Outdoor Air Temperature","type":"Report","created_at":"2018-05-09T08:04:56.368Z","updated_at":"2018-05-09T08:04:56.368Z"}
[02:04:56.381055 INFO] Saving report /Users/dgoldwas/Documents/GitHub/NREL/OpenStudio-fault-models/pat_projects/PAT_FRP_condernser_fouling/temp_data/analysis_16e80b16-a637-4287-8486-d31b396b2550/data_point_26dce447-47c8-426d-ac9c-752da5bcf493/reports/timeseries_objective_function_report_RTU Enter.html to http://localhost:8080/data_points/26dce447-47c8-426d-ac9c-752da5bcf493/upload_file
[02:04:56.460860 INFO] Saving report responded with {"id":"5af2aba8104ea2cd066c1490","data_point_id":"26dce447-47c8-426d-ac9c-752da5bcf493","display_name":"timeseries_objective_function_report_RTU Enter","type":"Report","created_at":"2018-05-09T08:04:56.448Z","updated_at":"2018-05-09T08:04:56.448Z"}
[02:04:56.460986 INFO] Saving report /Users/dgoldwas/Documents/GitHub/NREL/OpenStudio-fault-models/pat_projects/PAT_FRP_condernser_fouling/temp_data/analysis_16e80b16-a637-4287-8486-d31b396b2550/data_point_26dce447-47c8-426d-ac9c-752da5bcf493/reports/timeseries_objective_function_report_RTU Exit.html to http://localhost:8080/data_points/26dce447-47c8-426d-ac9c-752da5bcf493/upload_file
[02:04:56.537237 INFO] Saving report responded with {"id":"5af2aba8104ea2cd066c1492","data_point_id":"26dce447-47c8-426d-ac9c-752da5bcf493","display_name":"timeseries_objective_function_report_RTU Exit","type":"Report","created_at":"2018-05-09T08:04:56.525Z","updated_at":"2018-05-09T08:04:56.525Z"}
[02:04:56.537366 INFO] Saving report /Users/dgoldwas/Documents/GitHub/NREL/OpenStudio-fault-models/pat_projects/PAT_FRP_condernser_fouling/temp_data/analysis_16e80b16-a637-4287-8486-d31b396b2550/data_point_26dce447-47c8-426d-ac9c-752da5bcf493/reports/timeseries_objective_function_report_Total Consumption.html to http://localhost:8080/data_points/26dce447-47c8-426d-ac9c-752da5bcf493/upload_file
[02:04:56.618879 INFO] Saving report responded with {"id":"5af2aba8104ea2cd066c1494","data_point_id":"26dce447-47c8-426d-ac9c-752da5bcf493","display_name":"timeseries_objective_function_report_Total Consumption","type":"Report","created_at":"2018-05-09T08:04:56.603Z","updated_at":"2018-05-09T08:04:56.603Z"}
[02:04:56.619067 INFO] Saving report /Users/dgoldwas/Documents/GitHub/NREL/OpenStudio-fault-models/pat_projects/PAT_FRP_condernser_fouling/temp_data/analysis_16e80b16-a637-4287-8486-d31b396b2550/data_point_26dce447-47c8-426d-ac9c-752da5bcf493/run/objectives.json to http://localhost:8080/data_points/26dce447-47c8-426d-ac9c-752da5bcf493/upload_file
[02:04:56.668427 INFO] Saving report responded with {"id":"5af2aba8104ea2cd066c1496","data_point_id":"26dce447-47c8-426d-ac9c-752da5bcf493","display_name":"objectives","type":"Report","created_at":"2018-05-09T08:04:56.655Z","updated_at":"2018-05-09T08:04:56.655Z"}
[02:04:56.668570 INFO] Saving report /Users/dgoldwas/Documents/GitHub/NREL/OpenStudio-fault-models/pat_projects/PAT_FRP_condernser_fouling/temp_data/analysis_16e80b16-a637-4287-8486-d31b396b2550/data_point_26dce447-47c8-426d-ac9c-752da5bcf493/out.osw to http://localhost:8080/data_points/26dce447-47c8-426d-ac9c-752da5bcf493/upload_file
[02:04:56.825950 INFO] Saving report responded with {"id":"5af2aba8104ea2cd066c1498","data_point_id":"26dce447-47c8-426d-ac9c-752da5bcf493","display_name":"Final OSW File","type":"Report","created_at":"2018-05-09T08:04:56.811Z","updated_at":"2018-05-09T08:04:56.811Z"}
[02:04:56.826112 INFO] Saving report /Users/dgoldwas/Documents/GitHub/NREL/OpenStudio-fault-models/pat_projects/PAT_FRP_condernser_fouling/temp_data/analysis_16e80b16-a637-4287-8486-d31b396b2550/data_point_26dce447-47c8-426d-ac9c-752da5bcf493/in.osm to http://localhost:8080/data_points/26dce447-47c8-426d-ac9c-752da5bcf493/upload_file
[02:04:56.911377 INFO] Saving report responded with {"id":"5af2aba8104ea2cd066c149a","data_point_id":"26dce447-47c8-426d-ac9c-752da5bcf493","display_name":"model","type":"OpenStudio Model","created_at":"2018-05-09T08:04:56.897Z","updated_at":"2018-05-09T08:04:56.897Z"}
[02:04:56.911552 INFO] Saving report /Users/dgoldwas/Documents/GitHub/NREL/OpenStudio-fault-models/pat_projects/PAT_FRP_condernser_fouling/temp_data/analysis_16e80b16-a637-4287-8486-d31b396b2550/data_point_26dce447-47c8-426d-ac9c-752da5bcf493/run/data_point.zip to http://localhost:8080/data_points/26dce447-47c8-426d-ac9c-752da5bcf493/upload_file
[02:04:57.138347 INFO] Saving report responded with {"id":"5af2aba9104ea2cd066c149c","data_point_id":"26dce447-47c8-426d-ac9c-752da5bcf493","display_name":"Zip File","type":"Data Point","created_at":"2018-05-09T08:04:57.117Z","updated_at":"2018-05-09T08:04:57.117Z"}
[02:04:57.149670 INFO] Finished /Applications/OpenStudio-2.5.1/ParametricAnalysisTool.app/Contents/Resources/OpenStudio-server/server/app/workers/run_simulate_data_point.rb
