# Logfile created on 2018-05-09 02:04:11 -0600 by logger.rb/47272
[02:04:11.550414 INFO] Server host is http://localhost:8080
[02:04:11.550489 INFO] Analysis directory is /Users/dgoldwas/Documents/GitHub/NREL/OpenStudio-fault-models/pat_projects/PAT_FRP_condernser_fouling/temp_data/analysis_16e80b16-a637-4287-8486-d31b396b2550
[02:04:11.550556 INFO] Simulation directory is /Users/dgoldwas/Documents/GitHub/NREL/OpenStudio-fault-models/pat_projects/PAT_FRP_condernser_fouling/temp_data/analysis_16e80b16-a637-4287-8486-d31b396b2550/data_point_27f8f7c4-c692-4e0c-bb87-601eda58d1e1
[02:04:11.550587 INFO] Run datapoint type/file is workflow
[02:04:11.550617 INFO] Starting initialize_worker for datapoint 27f8f7c4-c692-4e0c-bb87-601eda58d1e1
[02:04:11.550709 INFO] write_lock_file exists, checking & waiting for receipt file
[02:04:11.550805 INFO] waiting for receipt file to appear
[02:04:14.554319 INFO] receipt_file appeared, moving on
[02:04:14.560908 INFO] Downloading datapoint from http://localhost:8080/data_points/27f8f7c4-c692-4e0c-bb87-601eda58d1e1.json
[02:04:14.587840 INFO] Creating Workflow Manager instance
[02:04:14.587911 INFO] Directory is /Users/dgoldwas/Documents/GitHub/NREL/OpenStudio-fault-models/pat_projects/PAT_FRP_condernser_fouling/temp_data/analysis_16e80b16-a637-4287-8486-d31b396b2550/data_point_27f8f7c4-c692-4e0c-bb87-601eda58d1e1
[02:04:14.587946 INFO] Opening run.log file '/Users/dgoldwas/Documents/GitHub/NREL/OpenStudio-fault-models/pat_projects/PAT_FRP_condernser_fouling/temp_data/analysis_16e80b16-a637-4287-8486-d31b396b2550/data_point_27f8f7c4-c692-4e0c-bb87-601eda58d1e1/run/run.log'
[02:04:14.623159 INFO] Running workflow
[02:04:55.280988 INFO] Final run state is finished
[02:04:55.315538 INFO] Saving files/reports back to the server
[02:04:55.316385 INFO] Saving report /Users/dgoldwas/Documents/GitHub/NREL/OpenStudio-fault-models/pat_projects/PAT_FRP_condernser_fouling/temp_data/analysis_16e80b16-a637-4287-8486-d31b396b2550/data_point_27f8f7c4-c692-4e0c-bb87-601eda58d1e1/reports/eplustbl.html to http://localhost:8080/data_points/27f8f7c4-c692-4e0c-bb87-601eda58d1e1/upload_file
[02:04:55.397505 INFO] Saving report responded with {"id":"5af2aba7104ea2cd066c147f","data_point_id":"27f8f7c4-c692-4e0c-bb87-601eda58d1e1","display_name":"eplustbl","type":"Report","created_at":"2018-05-09T08:04:55.385Z","updated_at":"2018-05-09T08:04:55.385Z"}
[02:04:55.397635 INFO] Saving report /Users/dgoldwas/Documents/GitHub/NREL/OpenStudio-fault-models/pat_projects/PAT_FRP_condernser_fouling/temp_data/analysis_16e80b16-a637-4287-8486-d31b396b2550/data_point_27f8f7c4-c692-4e0c-bb87-601eda58d1e1/reports/openstudio_results_report.html to http://localhost:8080/data_points/27f8f7c4-c692-4e0c-bb87-601eda58d1e1/upload_file
[02:04:55.650424 INFO] Saving report responded with {"id":"5af2aba7104ea2cd066c1481","data_point_id":"27f8f7c4-c692-4e0c-bb87-601eda58d1e1","display_name":"openstudio_results_report","type":"Report","created_at":"2018-05-09T08:04:55.635Z","updated_at":"2018-05-09T08:04:55.635Z"}
[02:04:55.650558 INFO] Saving report /Users/dgoldwas/Documents/GitHub/NREL/OpenStudio-fault-models/pat_projects/PAT_FRP_condernser_fouling/temp_data/analysis_16e80b16-a637-4287-8486-d31b396b2550/data_point_27f8f7c4-c692-4e0c-bb87-601eda58d1e1/reports/timeseries_objective_function_report_Cooling Consumption.html to http://localhost:8080/data_points/27f8f7c4-c692-4e0c-bb87-601eda58d1e1/upload_file
[02:04:55.829735 INFO] Saving report responded with {"id":"5af2aba7104ea2cd066c1483","data_point_id":"27f8f7c4-c692-4e0c-bb87-601eda58d1e1","display_name":"timeseries_objective_function_report_Cooling Consumption","type":"Report","created_at":"2018-05-09T08:04:55.818Z","updated_at":"2018-05-09T08:04:55.818Z"}
[02:04:55.829885 INFO] Saving report /Users/dgoldwas/Documents/GitHub/NREL/OpenStudio-fault-models/pat_projects/PAT_FRP_condernser_fouling/temp_data/analysis_16e80b16-a637-4287-8486-d31b396b2550/data_point_27f8f7c4-c692-4e0c-bb87-601eda58d1e1/reports/timeseries_objective_function_report_Equipment Consumption.html to http://localhost:8080/data_points/27f8f7c4-c692-4e0c-bb87-601eda58d1e1/upload_file
[02:04:55.897446 INFO] Saving report responded with {"id":"5af2aba7104ea2cd066c1485","data_point_id":"27f8f7c4-c692-4e0c-bb87-601eda58d1e1","display_name":"timeseries_objective_function_report_Equipment Consumption","type":"Report","created_at":"2018-05-09T08:04:55.886Z","updated_at":"2018-05-09T08:04:55.886Z"}
[02:04:55.897562 INFO] Saving report /Users/dgoldwas/Documents/GitHub/NREL/OpenStudio-fault-models/pat_projects/PAT_FRP_condernser_fouling/temp_data/analysis_16e80b16-a637-4287-8486-d31b396b2550/data_point_27f8f7c4-c692-4e0c-bb87-601eda58d1e1/reports/timeseries_objective_function_report_Fan Consumption.html to http://localhost:8080/data_points/27f8f7c4-c692-4e0c-bb87-601eda58d1e1/upload_file
[02:04:56.004957 INFO] Saving report responded with {"id":"5af2aba7104ea2cd066c1487","data_point_id":"27f8f7c4-c692-4e0c-bb87-601eda58d1e1","display_name":"timeseries_objective_function_report_Fan Consumption","type":"Report","created_at":"2018-05-09T08:04:55.990Z","updated_at":"2018-05-09T08:04:55.990Z"}
[02:04:56.005155 INFO] Saving report /Users/dgoldwas/Documents/GitHub/NREL/OpenStudio-fault-models/pat_projects/PAT_FRP_condernser_fouling/temp_data/analysis_16e80b16-a637-4287-8486-d31b396b2550/data_point_27f8f7c4-c692-4e0c-bb87-601eda58d1e1/reports/timeseries_objective_function_report_Heating Consumption.html to http://localhost:8080/data_points/27f8f7c4-c692-4e0c-bb87-601eda58d1e1/upload_file
[02:04:56.070189 INFO] Saving report responded with {"id":"5af2aba8104ea2cd066c1489","data_point_id":"27f8f7c4-c692-4e0c-bb87-601eda58d1e1","display_name":"timeseries_objective_function_report_Heating Consumption","type":"Report","created_at":"2018-05-09T08:04:56.058Z","updated_at":"2018-05-09T08:04:56.058Z"}
[02:04:56.070333 INFO] Saving report /Users/dgoldwas/Documents/GitHub/NREL/OpenStudio-fault-models/pat_projects/PAT_FRP_condernser_fouling/temp_data/analysis_16e80b16-a637-4287-8486-d31b396b2550/data_point_27f8f7c4-c692-4e0c-bb87-601eda58d1e1/reports/timeseries_objective_function_report_Lighting Consumption.html to http://localhost:8080/data_points/27f8f7c4-c692-4e0c-bb87-601eda58d1e1/upload_file
[02:04:56.157258 INFO] Saving report responded with {"id":"5af2aba8104ea2cd066c148b","data_point_id":"27f8f7c4-c692-4e0c-bb87-601eda58d1e1","display_name":"timeseries_objective_function_report_Lighting Consumption","type":"Report","created_at":"2018-05-09T08:04:56.142Z","updated_at":"2018-05-09T08:04:56.142Z"}
[02:04:56.157416 INFO] Saving report /Users/dgoldwas/Documents/GitHub/NREL/OpenStudio-fault-models/pat_projects/PAT_FRP_condernser_fouling/temp_data/analysis_16e80b16-a637-4287-8486-d31b396b2550/data_point_27f8f7c4-c692-4e0c-bb87-601eda58d1e1/reports/timeseries_objective_function_report_Outdoor Air Temperature.html to http://localhost:8080/data_points/27f8f7c4-c692-4e0c-bb87-601eda58d1e1/upload_file
[02:04:56.348923 INFO] Saving report responded with {"id":"5af2aba8104ea2cd066c148d","data_point_id":"27f8f7c4-c692-4e0c-bb87-601eda58d1e1","display_name":"timeseries_objective_function_report_Outdoor Air Temperature","type":"Report","created_at":"2018-05-09T08:04:56.331Z","updated_at":"2018-05-09T08:04:56.331Z"}
[02:04:56.349127 INFO] Saving report /Users/dgoldwas/Documents/GitHub/NREL/OpenStudio-fault-models/pat_projects/PAT_FRP_condernser_fouling/temp_data/analysis_16e80b16-a637-4287-8486-d31b396b2550/data_point_27f8f7c4-c692-4e0c-bb87-601eda58d1e1/reports/timeseries_objective_function_report_RTU Enter.html to http://localhost:8080/data_points/27f8f7c4-c692-4e0c-bb87-601eda58d1e1/upload_file
[02:04:56.429990 INFO] Saving report responded with {"id":"5af2aba8104ea2cd066c148f","data_point_id":"27f8f7c4-c692-4e0c-bb87-601eda58d1e1","display_name":"timeseries_objective_function_report_RTU Enter","type":"Report","created_at":"2018-05-09T08:04:56.418Z","updated_at":"2018-05-09T08:04:56.418Z"}
[02:04:56.430133 INFO] Saving report /Users/dgoldwas/Documents/GitHub/NREL/OpenStudio-fault-models/pat_projects/PAT_FRP_condernser_fouling/temp_data/analysis_16e80b16-a637-4287-8486-d31b396b2550/data_point_27f8f7c4-c692-4e0c-bb87-601eda58d1e1/reports/timeseries_objective_function_report_RTU Exit.html to http://localhost:8080/data_points/27f8f7c4-c692-4e0c-bb87-601eda58d1e1/upload_file
[02:04:56.501787 INFO] Saving report responded with {"id":"5af2aba8104ea2cd066c1491","data_point_id":"27f8f7c4-c692-4e0c-bb87-601eda58d1e1","display_name":"timeseries_objective_function_report_RTU Exit","type":"Report","created_at":"2018-05-09T08:04:56.488Z","updated_at":"2018-05-09T08:04:56.488Z"}
[02:04:56.501948 INFO] Saving report /Users/dgoldwas/Documents/GitHub/NREL/OpenStudio-fault-models/pat_projects/PAT_FRP_condernser_fouling/temp_data/analysis_16e80b16-a637-4287-8486-d31b396b2550/data_point_27f8f7c4-c692-4e0c-bb87-601eda58d1e1/reports/timeseries_objective_function_report_Total Consumption.html to http://localhost:8080/data_points/27f8f7c4-c692-4e0c-bb87-601eda58d1e1/upload_file
[02:04:56.583234 INFO] Saving report responded with {"id":"5af2aba8104ea2cd066c1493","data_point_id":"27f8f7c4-c692-4e0c-bb87-601eda58d1e1","display_name":"timeseries_objective_function_report_Total Consumption","type":"Report","created_at":"2018-05-09T08:04:56.567Z","updated_at":"2018-05-09T08:04:56.567Z"}
[02:04:56.583442 INFO] Saving report /Users/dgoldwas/Documents/GitHub/NREL/OpenStudio-fault-models/pat_projects/PAT_FRP_condernser_fouling/temp_data/analysis_16e80b16-a637-4287-8486-d31b396b2550/data_point_27f8f7c4-c692-4e0c-bb87-601eda58d1e1/run/objectives.json to http://localhost:8080/data_points/27f8f7c4-c692-4e0c-bb87-601eda58d1e1/upload_file
[02:04:56.645337 INFO] Saving report responded with {"id":"5af2aba8104ea2cd066c1495","data_point_id":"27f8f7c4-c692-4e0c-bb87-601eda58d1e1","display_name":"objectives","type":"Report","created_at":"2018-05-09T08:04:56.632Z","updated_at":"2018-05-09T08:04:56.632Z"}
[02:04:56.645501 INFO] Saving report /Users/dgoldwas/Documents/GitHub/NREL/OpenStudio-fault-models/pat_projects/PAT_FRP_condernser_fouling/temp_data/analysis_16e80b16-a637-4287-8486-d31b396b2550/data_point_27f8f7c4-c692-4e0c-bb87-601eda58d1e1/out.osw to http://localhost:8080/data_points/27f8f7c4-c692-4e0c-bb87-601eda58d1e1/upload_file
[02:04:56.754546 INFO] Saving report responded with {"id":"5af2aba8104ea2cd066c1497","data_point_id":"27f8f7c4-c692-4e0c-bb87-601eda58d1e1","display_name":"Final OSW File","type":"Report","created_at":"2018-05-09T08:04:56.735Z","updated_at":"2018-05-09T08:04:56.735Z"}
[02:04:56.754753 INFO] Saving report /Users/dgoldwas/Documents/GitHub/NREL/OpenStudio-fault-models/pat_projects/PAT_FRP_condernser_fouling/temp_data/analysis_16e80b16-a637-4287-8486-d31b396b2550/data_point_27f8f7c4-c692-4e0c-bb87-601eda58d1e1/in.osm to http://localhost:8080/data_points/27f8f7c4-c692-4e0c-bb87-601eda58d1e1/upload_file
[02:04:56.870151 INFO] Saving report responded with {"id":"5af2aba8104ea2cd066c1499","data_point_id":"27f8f7c4-c692-4e0c-bb87-601eda58d1e1","display_name":"model","type":"OpenStudio Model","created_at":"2018-05-09T08:04:56.854Z","updated_at":"2018-05-09T08:04:56.854Z"}
[02:04:56.870310 INFO] Saving report /Users/dgoldwas/Documents/GitHub/NREL/OpenStudio-fault-models/pat_projects/PAT_FRP_condernser_fouling/temp_data/analysis_16e80b16-a637-4287-8486-d31b396b2550/data_point_27f8f7c4-c692-4e0c-bb87-601eda58d1e1/run/data_point.zip to http://localhost:8080/data_points/27f8f7c4-c692-4e0c-bb87-601eda58d1e1/upload_file
[02:04:57.082054 INFO] Saving report responded with {"id":"5af2aba9104ea2cd066c149b","data_point_id":"27f8f7c4-c692-4e0c-bb87-601eda58d1e1","display_name":"Zip File","type":"Data Point","created_at":"2018-05-09T08:04:57.064Z","updated_at":"2018-05-09T08:04:57.064Z"}
[02:04:57.120773 INFO] Finished /Applications/OpenStudio-2.5.1/ParametricAnalysisTool.app/Contents/Resources/OpenStudio-server/server/app/workers/run_simulate_data_point.rb
