# Logfile created on 2018-05-09 02:04:11 -0600 by logger.rb/47272
[02:04:11.753648 INFO] Server host is http://localhost:8080
[02:04:11.753688 INFO] Analysis directory is /Users/dgoldwas/Documents/GitHub/NREL/OpenStudio-fault-models/pat_projects/PAT_FRP_condernser_fouling/temp_data/analysis_16e80b16-a637-4287-8486-d31b396b2550
[02:04:11.753722 INFO] Simulation directory is /Users/dgoldwas/Documents/GitHub/NREL/OpenStudio-fault-models/pat_projects/PAT_FRP_condernser_fouling/temp_data/analysis_16e80b16-a637-4287-8486-d31b396b2550/data_point_aaa8f667-67c4-4e61-82e5-c24d21991fd3
[02:04:11.753740 INFO] Run datapoint type/file is workflow
[02:04:11.753760 INFO] Starting initialize_worker for datapoint aaa8f667-67c4-4e61-82e5-c24d21991fd3
[02:04:11.753907 INFO] write_lock_file exists, checking & waiting for receipt file
[02:04:11.754131 INFO] waiting for receipt file to appear
[02:04:14.757824 INFO] receipt_file appeared, moving on
[02:04:14.766325 INFO] Downloading datapoint from http://localhost:8080/data_points/aaa8f667-67c4-4e61-82e5-c24d21991fd3.json
[02:04:14.791581 INFO] Creating Workflow Manager instance
[02:04:14.791647 INFO] Directory is /Users/dgoldwas/Documents/GitHub/NREL/OpenStudio-fault-models/pat_projects/PAT_FRP_condernser_fouling/temp_data/analysis_16e80b16-a637-4287-8486-d31b396b2550/data_point_aaa8f667-67c4-4e61-82e5-c24d21991fd3
[02:04:14.791683 INFO] Opening run.log file '/Users/dgoldwas/Documents/GitHub/NREL/OpenStudio-fault-models/pat_projects/PAT_FRP_condernser_fouling/temp_data/analysis_16e80b16-a637-4287-8486-d31b396b2550/data_point_aaa8f667-67c4-4e61-82e5-c24d21991fd3/run/run.log'
[02:04:14.828231 INFO] Running workflow
[02:05:12.060500 INFO] Final run state is finished
[02:05:12.097219 INFO] Saving files/reports back to the server
[02:05:12.097766 INFO] Saving report /Users/dgoldwas/Documents/GitHub/NREL/OpenStudio-fault-models/pat_projects/PAT_FRP_condernser_fouling/temp_data/analysis_16e80b16-a637-4287-8486-d31b396b2550/data_point_aaa8f667-67c4-4e61-82e5-c24d21991fd3/reports/eplustbl.html to http://localhost:8080/data_points/aaa8f667-67c4-4e61-82e5-c24d21991fd3/upload_file
[02:05:12.225932 INFO] Saving report responded with {"id":"5af2abb8104ea2cd066c14af","data_point_id":"aaa8f667-67c4-4e61-82e5-c24d21991fd3","display_name":"eplustbl","type":"Report","created_at":"2018-05-09T08:05:12.215Z","updated_at":"2018-05-09T08:05:12.215Z"}
[02:05:12.226066 INFO] Saving report /Users/dgoldwas/Documents/GitHub/NREL/OpenStudio-fault-models/pat_projects/PAT_FRP_condernser_fouling/temp_data/analysis_16e80b16-a637-4287-8486-d31b396b2550/data_point_aaa8f667-67c4-4e61-82e5-c24d21991fd3/reports/openstudio_results_report.html to http://localhost:8080/data_points/aaa8f667-67c4-4e61-82e5-c24d21991fd3/upload_file
[02:05:12.436483 INFO] Saving report responded with {"id":"5af2abb8104ea2cd066c14b0","data_point_id":"aaa8f667-67c4-4e61-82e5-c24d21991fd3","display_name":"openstudio_results_report","type":"Report","created_at":"2018-05-09T08:05:12.421Z","updated_at":"2018-05-09T08:05:12.421Z"}
[02:05:12.436596 INFO] Saving report /Users/dgoldwas/Documents/GitHub/NREL/OpenStudio-fault-models/pat_projects/PAT_FRP_condernser_fouling/temp_data/analysis_16e80b16-a637-4287-8486-d31b396b2550/data_point_aaa8f667-67c4-4e61-82e5-c24d21991fd3/reports/timeseries_objective_function_report_Cooling Consumption.html to http://localhost:8080/data_points/aaa8f667-67c4-4e61-82e5-c24d21991fd3/upload_file
[02:05:12.470154 INFO] Saving report responded with {"id":"5af2abb8104ea2cd066c14b1","data_point_id":"aaa8f667-67c4-4e61-82e5-c24d21991fd3","display_name":"timeseries_objective_function_report_Cooling Consumption","type":"Report","created_at":"2018-05-09T08:05:12.462Z","updated_at":"2018-05-09T08:05:12.462Z"}
[02:05:12.470278 INFO] Saving report /Users/dgoldwas/Documents/GitHub/NREL/OpenStudio-fault-models/pat_projects/PAT_FRP_condernser_fouling/temp_data/analysis_16e80b16-a637-4287-8486-d31b396b2550/data_point_aaa8f667-67c4-4e61-82e5-c24d21991fd3/reports/timeseries_objective_function_report_Equipment Consumption.html to http://localhost:8080/data_points/aaa8f667-67c4-4e61-82e5-c24d21991fd3/upload_file
[02:05:12.533131 INFO] Saving report responded with {"id":"5af2abb8104ea2cd066c14b2","data_point_id":"aaa8f667-67c4-4e61-82e5-c24d21991fd3","display_name":"timeseries_objective_function_report_Equipment Consumption","type":"Report","created_at":"2018-05-09T08:05:12.521Z","updated_at":"2018-05-09T08:05:12.521Z"}
[02:05:12.533245 INFO] Saving report /Users/dgoldwas/Documents/GitHub/NREL/OpenStudio-fault-models/pat_projects/PAT_FRP_condernser_fouling/temp_data/analysis_16e80b16-a637-4287-8486-d31b396b2550/data_point_aaa8f667-67c4-4e61-82e5-c24d21991fd3/reports/timeseries_objective_function_report_Fan Consumption.html to http://localhost:8080/data_points/aaa8f667-67c4-4e61-82e5-c24d21991fd3/upload_file
[02:05:12.572265 INFO] Saving report responded with {"id":"5af2abb8104ea2cd066c14b3","data_point_id":"aaa8f667-67c4-4e61-82e5-c24d21991fd3","display_name":"timeseries_objective_function_report_Fan Consumption","type":"Report","created_at":"2018-05-09T08:05:12.561Z","updated_at":"2018-05-09T08:05:12.561Z"}
[02:05:12.572394 INFO] Saving report /Users/dgoldwas/Documents/GitHub/NREL/OpenStudio-fault-models/pat_projects/PAT_FRP_condernser_fouling/temp_data/analysis_16e80b16-a637-4287-8486-d31b396b2550/data_point_aaa8f667-67c4-4e61-82e5-c24d21991fd3/reports/timeseries_objective_function_report_Heating Consumption.html to http://localhost:8080/data_points/aaa8f667-67c4-4e61-82e5-c24d21991fd3/upload_file
[02:05:12.618752 INFO] Saving report responded with {"id":"5af2abb8104ea2cd066c14b4","data_point_id":"aaa8f667-67c4-4e61-82e5-c24d21991fd3","display_name":"timeseries_objective_function_report_Heating Consumption","type":"Report","created_at":"2018-05-09T08:05:12.601Z","updated_at":"2018-05-09T08:05:12.601Z"}
[02:05:12.618882 INFO] Saving report /Users/dgoldwas/Documents/GitHub/NREL/OpenStudio-fault-models/pat_projects/PAT_FRP_condernser_fouling/temp_data/analysis_16e80b16-a637-4287-8486-d31b396b2550/data_point_aaa8f667-67c4-4e61-82e5-c24d21991fd3/reports/timeseries_objective_function_report_Lighting Consumption.html to http://localhost:8080/data_points/aaa8f667-67c4-4e61-82e5-c24d21991fd3/upload_file
[02:05:12.672345 INFO] Saving report responded with {"id":"5af2abb8104ea2cd066c14b5","data_point_id":"aaa8f667-67c4-4e61-82e5-c24d21991fd3","display_name":"timeseries_objective_function_report_Lighting Consumption","type":"Report","created_at":"2018-05-09T08:05:12.659Z","updated_at":"2018-05-09T08:05:12.659Z"}
[02:05:12.672466 INFO] Saving report /Users/dgoldwas/Documents/GitHub/NREL/OpenStudio-fault-models/pat_projects/PAT_FRP_condernser_fouling/temp_data/analysis_16e80b16-a637-4287-8486-d31b396b2550/data_point_aaa8f667-67c4-4e61-82e5-c24d21991fd3/reports/timeseries_objective_function_report_Outdoor Air Temperature.html to http://localhost:8080/data_points/aaa8f667-67c4-4e61-82e5-c24d21991fd3/upload_file
[02:05:12.717399 INFO] Saving report responded with {"id":"5af2abb8104ea2cd066c14b6","data_point_id":"aaa8f667-67c4-4e61-82e5-c24d21991fd3","display_name":"timeseries_objective_function_report_Outdoor Air Temperature","type":"Report","created_at":"2018-05-09T08:05:12.702Z","updated_at":"2018-05-09T08:05:12.702Z"}
[02:05:12.717545 INFO] Saving report /Users/dgoldwas/Documents/GitHub/NREL/OpenStudio-fault-models/pat_projects/PAT_FRP_condernser_fouling/temp_data/analysis_16e80b16-a637-4287-8486-d31b396b2550/data_point_aaa8f667-67c4-4e61-82e5-c24d21991fd3/reports/timeseries_objective_function_report_RTU Enter.html to http://localhost:8080/data_points/aaa8f667-67c4-4e61-82e5-c24d21991fd3/upload_file
[02:05:12.757727 INFO] Saving report responded with {"id":"5af2abb8104ea2cd066c14b7","data_point_id":"aaa8f667-67c4-4e61-82e5-c24d21991fd3","display_name":"timeseries_objective_function_report_RTU Enter","type":"Report","created_at":"2018-05-09T08:05:12.748Z","updated_at":"2018-05-09T08:05:12.748Z"}
[02:05:12.757844 INFO] Saving report /Users/dgoldwas/Documents/GitHub/NREL/OpenStudio-fault-models/pat_projects/PAT_FRP_condernser_fouling/temp_data/analysis_16e80b16-a637-4287-8486-d31b396b2550/data_point_aaa8f667-67c4-4e61-82e5-c24d21991fd3/reports/timeseries_objective_function_report_RTU Exit.html to http://localhost:8080/data_points/aaa8f667-67c4-4e61-82e5-c24d21991fd3/upload_file
[02:05:12.799258 INFO] Saving report responded with {"id":"5af2abb8104ea2cd066c14b8","data_point_id":"aaa8f667-67c4-4e61-82e5-c24d21991fd3","display_name":"timeseries_objective_function_report_RTU Exit","type":"Report","created_at":"2018-05-09T08:05:12.787Z","updated_at":"2018-05-09T08:05:12.787Z"}
[02:05:12.799378 INFO] Saving report /Users/dgoldwas/Documents/GitHub/NREL/OpenStudio-fault-models/pat_projects/PAT_FRP_condernser_fouling/temp_data/analysis_16e80b16-a637-4287-8486-d31b396b2550/data_point_aaa8f667-67c4-4e61-82e5-c24d21991fd3/reports/timeseries_objective_function_report_Total Consumption.html to http://localhost:8080/data_points/aaa8f667-67c4-4e61-82e5-c24d21991fd3/upload_file
[02:05:12.856736 INFO] Saving report responded with {"id":"5af2abb8104ea2cd066c14b9","data_point_id":"aaa8f667-67c4-4e61-82e5-c24d21991fd3","display_name":"timeseries_objective_function_report_Total Consumption","type":"Report","created_at":"2018-05-09T08:05:12.838Z","updated_at":"2018-05-09T08:05:12.838Z"}
[02:05:12.857007 INFO] Saving report /Users/dgoldwas/Documents/GitHub/NREL/OpenStudio-fault-models/pat_projects/PAT_FRP_condernser_fouling/temp_data/analysis_16e80b16-a637-4287-8486-d31b396b2550/data_point_aaa8f667-67c4-4e61-82e5-c24d21991fd3/run/objectives.json to http://localhost:8080/data_points/aaa8f667-67c4-4e61-82e5-c24d21991fd3/upload_file
[02:05:12.884359 INFO] Saving report responded with {"id":"5af2abb8104ea2cd066c14ba","data_point_id":"aaa8f667-67c4-4e61-82e5-c24d21991fd3","display_name":"objectives","type":"Report","created_at":"2018-05-09T08:05:12.872Z","updated_at":"2018-05-09T08:05:12.872Z"}
[02:05:12.884552 INFO] Saving report /Users/dgoldwas/Documents/GitHub/NREL/OpenStudio-fault-models/pat_projects/PAT_FRP_condernser_fouling/temp_data/analysis_16e80b16-a637-4287-8486-d31b396b2550/data_point_aaa8f667-67c4-4e61-82e5-c24d21991fd3/out.osw to http://localhost:8080/data_points/aaa8f667-67c4-4e61-82e5-c24d21991fd3/upload_file
[02:05:12.995335 INFO] Saving report responded with {"id":"5af2abb8104ea2cd066c14bb","data_point_id":"aaa8f667-67c4-4e61-82e5-c24d21991fd3","display_name":"Final OSW File","type":"Report","created_at":"2018-05-09T08:05:12.962Z","updated_at":"2018-05-09T08:05:12.962Z"}
[02:05:12.995533 INFO] Saving report /Users/dgoldwas/Documents/GitHub/NREL/OpenStudio-fault-models/pat_projects/PAT_FRP_condernser_fouling/temp_data/analysis_16e80b16-a637-4287-8486-d31b396b2550/data_point_aaa8f667-67c4-4e61-82e5-c24d21991fd3/in.osm to http://localhost:8080/data_points/aaa8f667-67c4-4e61-82e5-c24d21991fd3/upload_file
[02:05:13.048860 INFO] Saving report responded with {"id":"5af2abb9104ea2cd066c14bc","data_point_id":"aaa8f667-67c4-4e61-82e5-c24d21991fd3","display_name":"model","type":"OpenStudio Model","created_at":"2018-05-09T08:05:13.034Z","updated_at":"2018-05-09T08:05:13.034Z"}
[02:05:13.049057 INFO] Saving report /Users/dgoldwas/Documents/GitHub/NREL/OpenStudio-fault-models/pat_projects/PAT_FRP_condernser_fouling/temp_data/analysis_16e80b16-a637-4287-8486-d31b396b2550/data_point_aaa8f667-67c4-4e61-82e5-c24d21991fd3/run/data_point.zip to http://localhost:8080/data_points/aaa8f667-67c4-4e61-82e5-c24d21991fd3/upload_file
[02:05:13.151054 INFO] Saving report responded with {"id":"5af2abb9104ea2cd066c14bd","data_point_id":"aaa8f667-67c4-4e61-82e5-c24d21991fd3","display_name":"Zip File","type":"Data Point","created_at":"2018-05-09T08:05:13.132Z","updated_at":"2018-05-09T08:05:13.132Z"}
[02:05:13.160711 INFO] Finished /Applications/OpenStudio-2.5.1/ParametricAnalysisTool.app/Contents/Resources/OpenStudio-server/server/app/workers/run_simulate_data_point.rb
