# Logfile created on 2018-05-11 08:55:11 -0600 by logger.rb/47272
[08:55:11.247627 INFO] Server host is http://localhost:8080
[08:55:11.247679 INFO] Analysis directory is /Users/dgoldwas/Documents/GitHub/NREL/OpenStudio-fault-models/pat_projects/PAT_FRP_condernser_fouling/temp_data/analysis_238947ed-fb40-4d51-9134-f79aa4ddceb1
[08:55:11.247711 INFO] Simulation directory is /Users/dgoldwas/Documents/GitHub/NREL/OpenStudio-fault-models/pat_projects/PAT_FRP_condernser_fouling/temp_data/analysis_238947ed-fb40-4d51-9134-f79aa4ddceb1/data_point_1f78a96d-daf1-4cab-b1a0-38879a49fe6c
[08:55:11.247729 INFO] Run datapoint type/file is workflow
[08:55:11.247750 INFO] Starting initialize_worker for datapoint 1f78a96d-daf1-4cab-b1a0-38879a49fe6c
[08:55:11.247992 INFO] Downloading analysis zip from http://localhost:8080/analyses/238947ed-fb40-4d51-9134-f79aa4ddceb1/download_analysis_zip
[08:55:14.115446 INFO] Extracting analysis zip to /Users/dgoldwas/Documents/GitHub/NREL/OpenStudio-fault-models/pat_projects/PAT_FRP_condernser_fouling/temp_data/analysis_238947ed-fb40-4d51-9134-f79aa4ddceb1
[08:55:14.323024 INFO] Downloading analysis.json from http://localhost:8080/analyses/238947ed-fb40-4d51-9134-f79aa4ddceb1.json
[08:55:14.364855 INFO] Finished worker initialization
[08:55:14.371663 INFO] Downloading datapoint from http://localhost:8080/data_points/1f78a96d-daf1-4cab-b1a0-38879a49fe6c.json
[08:55:14.404246 INFO] Creating Workflow Manager instance
[08:55:14.404311 INFO] Directory is /Users/dgoldwas/Documents/GitHub/NREL/OpenStudio-fault-models/pat_projects/PAT_FRP_condernser_fouling/temp_data/analysis_238947ed-fb40-4d51-9134-f79aa4ddceb1/data_point_1f78a96d-daf1-4cab-b1a0-38879a49fe6c
[08:55:14.404347 INFO] Opening run.log file '/Users/dgoldwas/Documents/GitHub/NREL/OpenStudio-fault-models/pat_projects/PAT_FRP_condernser_fouling/temp_data/analysis_238947ed-fb40-4d51-9134-f79aa4ddceb1/data_point_1f78a96d-daf1-4cab-b1a0-38879a49fe6c/run/run.log'
[08:55:14.445792 INFO] Running workflow
[08:55:56.392202 INFO] Final run state is finished
[08:55:56.453169 INFO] Saving files/reports back to the server
[08:55:56.453858 INFO] Saving report /Users/dgoldwas/Documents/GitHub/NREL/OpenStudio-fault-models/pat_projects/PAT_FRP_condernser_fouling/temp_data/analysis_238947ed-fb40-4d51-9134-f79aa4ddceb1/data_point_1f78a96d-daf1-4cab-b1a0-38879a49fe6c/reports/eplustbl.html to http://localhost:8080/data_points/1f78a96d-daf1-4cab-b1a0-38879a49fe6c/upload_file
[08:55:56.550028 INFO] Saving report responded with {"id":"5af5aefc104ea2923f61a758","data_point_id":"1f78a96d-daf1-4cab-b1a0-38879a49fe6c","display_name":"eplustbl","type":"Report","created_at":"2018-05-11T14:55:56.535Z","updated_at":"2018-05-11T14:55:56.535Z"}
[08:55:56.550166 INFO] Saving report /Users/dgoldwas/Documents/GitHub/NREL/OpenStudio-fault-models/pat_projects/PAT_FRP_condernser_fouling/temp_data/analysis_238947ed-fb40-4d51-9134-f79aa4ddceb1/data_point_1f78a96d-daf1-4cab-b1a0-38879a49fe6c/reports/openstudio_results_report.html to http://localhost:8080/data_points/1f78a96d-daf1-4cab-b1a0-38879a49fe6c/upload_file
[08:55:56.842563 INFO] Saving report responded with {"id":"5af5aefc104ea2923f61a759","data_point_id":"1f78a96d-daf1-4cab-b1a0-38879a49fe6c","display_name":"openstudio_results_report","type":"Report","created_at":"2018-05-11T14:55:56.829Z","updated_at":"2018-05-11T14:55:56.829Z"}
[08:55:56.842709 INFO] Saving report /Users/dgoldwas/Documents/GitHub/NREL/OpenStudio-fault-models/pat_projects/PAT_FRP_condernser_fouling/temp_data/analysis_238947ed-fb40-4d51-9134-f79aa4ddceb1/data_point_1f78a96d-daf1-4cab-b1a0-38879a49fe6c/reports/timeseries_objective_function_report_Cooling Capacity.html to http://localhost:8080/data_points/1f78a96d-daf1-4cab-b1a0-38879a49fe6c/upload_file
[08:55:56.911169 INFO] Saving report responded with {"id":"5af5aefc104ea2923f61a75a","data_point_id":"1f78a96d-daf1-4cab-b1a0-38879a49fe6c","display_name":"timeseries_objective_function_report_Cooling Capacity","type":"Report","created_at":"2018-05-11T14:55:56.888Z","updated_at":"2018-05-11T14:55:56.888Z"}
[08:55:56.911330 INFO] Saving report /Users/dgoldwas/Documents/GitHub/NREL/OpenStudio-fault-models/pat_projects/PAT_FRP_condernser_fouling/temp_data/analysis_238947ed-fb40-4d51-9134-f79aa4ddceb1/data_point_1f78a96d-daf1-4cab-b1a0-38879a49fe6c/reports/timeseries_objective_function_report_Cooling Consumption.html to http://localhost:8080/data_points/1f78a96d-daf1-4cab-b1a0-38879a49fe6c/upload_file
[08:55:56.980131 INFO] Saving report responded with {"id":"5af5aefc104ea2923f61a75b","data_point_id":"1f78a96d-daf1-4cab-b1a0-38879a49fe6c","display_name":"timeseries_objective_function_report_Cooling Consumption","type":"Report","created_at":"2018-05-11T14:55:56.965Z","updated_at":"2018-05-11T14:55:56.965Z"}
[08:55:56.980275 INFO] Saving report /Users/dgoldwas/Documents/GitHub/NREL/OpenStudio-fault-models/pat_projects/PAT_FRP_condernser_fouling/temp_data/analysis_238947ed-fb40-4d51-9134-f79aa4ddceb1/data_point_1f78a96d-daf1-4cab-b1a0-38879a49fe6c/reports/timeseries_objective_function_report_Equipment Consumption.html to http://localhost:8080/data_points/1f78a96d-daf1-4cab-b1a0-38879a49fe6c/upload_file
[08:55:57.054268 INFO] Saving report responded with {"id":"5af5aefd104ea2923f61a75c","data_point_id":"1f78a96d-daf1-4cab-b1a0-38879a49fe6c","display_name":"timeseries_objective_function_report_Equipment Consumption","type":"Report","created_at":"2018-05-11T14:55:57.040Z","updated_at":"2018-05-11T14:55:57.040Z"}
[08:55:57.054418 INFO] Saving report /Users/dgoldwas/Documents/GitHub/NREL/OpenStudio-fault-models/pat_projects/PAT_FRP_condernser_fouling/temp_data/analysis_238947ed-fb40-4d51-9134-f79aa4ddceb1/data_point_1f78a96d-daf1-4cab-b1a0-38879a49fe6c/reports/timeseries_objective_function_report_Fan Consumption.html to http://localhost:8080/data_points/1f78a96d-daf1-4cab-b1a0-38879a49fe6c/upload_file
[08:55:57.251501 INFO] Saving report responded with {"id":"5af5aefd104ea2923f61a75d","data_point_id":"1f78a96d-daf1-4cab-b1a0-38879a49fe6c","display_name":"timeseries_objective_function_report_Fan Consumption","type":"Report","created_at":"2018-05-11T14:55:57.235Z","updated_at":"2018-05-11T14:55:57.235Z"}
[08:55:57.251623 INFO] Saving report /Users/dgoldwas/Documents/GitHub/NREL/OpenStudio-fault-models/pat_projects/PAT_FRP_condernser_fouling/temp_data/analysis_238947ed-fb40-4d51-9134-f79aa4ddceb1/data_point_1f78a96d-daf1-4cab-b1a0-38879a49fe6c/reports/timeseries_objective_function_report_Heating Consumption.html to http://localhost:8080/data_points/1f78a96d-daf1-4cab-b1a0-38879a49fe6c/upload_file
[08:55:57.314392 INFO] Saving report responded with {"id":"5af5aefd104ea2923f61a75e","data_point_id":"1f78a96d-daf1-4cab-b1a0-38879a49fe6c","display_name":"timeseries_objective_function_report_Heating Consumption","type":"Report","created_at":"2018-05-11T14:55:57.297Z","updated_at":"2018-05-11T14:55:57.297Z"}
[08:55:57.314553 INFO] Saving report /Users/dgoldwas/Documents/GitHub/NREL/OpenStudio-fault-models/pat_projects/PAT_FRP_condernser_fouling/temp_data/analysis_238947ed-fb40-4d51-9134-f79aa4ddceb1/data_point_1f78a96d-daf1-4cab-b1a0-38879a49fe6c/reports/timeseries_objective_function_report_Lighting Consumption.html to http://localhost:8080/data_points/1f78a96d-daf1-4cab-b1a0-38879a49fe6c/upload_file
[08:55:57.413166 INFO] Saving report responded with {"id":"5af5aefd104ea2923f61a75f","data_point_id":"1f78a96d-daf1-4cab-b1a0-38879a49fe6c","display_name":"timeseries_objective_function_report_Lighting Consumption","type":"Report","created_at":"2018-05-11T14:55:57.380Z","updated_at":"2018-05-11T14:55:57.380Z"}
[08:55:57.413336 INFO] Saving report /Users/dgoldwas/Documents/GitHub/NREL/OpenStudio-fault-models/pat_projects/PAT_FRP_condernser_fouling/temp_data/analysis_238947ed-fb40-4d51-9134-f79aa4ddceb1/data_point_1f78a96d-daf1-4cab-b1a0-38879a49fe6c/reports/timeseries_objective_function_report_Outdoor Air Temperature.html to http://localhost:8080/data_points/1f78a96d-daf1-4cab-b1a0-38879a49fe6c/upload_file
[08:55:57.494633 INFO] Saving report responded with {"id":"5af5aefd104ea2923f61a760","data_point_id":"1f78a96d-daf1-4cab-b1a0-38879a49fe6c","display_name":"timeseries_objective_function_report_Outdoor Air Temperature","type":"Report","created_at":"2018-05-11T14:55:57.476Z","updated_at":"2018-05-11T14:55:57.476Z"}
[08:55:57.494761 INFO] Saving report /Users/dgoldwas/Documents/GitHub/NREL/OpenStudio-fault-models/pat_projects/PAT_FRP_condernser_fouling/temp_data/analysis_238947ed-fb40-4d51-9134-f79aa4ddceb1/data_point_1f78a96d-daf1-4cab-b1a0-38879a49fe6c/reports/timeseries_objective_function_report_RTU Enter.html to http://localhost:8080/data_points/1f78a96d-daf1-4cab-b1a0-38879a49fe6c/upload_file
[08:55:57.558547 INFO] Saving report responded with {"id":"5af5aefd104ea2923f61a761","data_point_id":"1f78a96d-daf1-4cab-b1a0-38879a49fe6c","display_name":"timeseries_objective_function_report_RTU Enter","type":"Report","created_at":"2018-05-11T14:55:57.542Z","updated_at":"2018-05-11T14:55:57.542Z"}
[08:55:57.558672 INFO] Saving report /Users/dgoldwas/Documents/GitHub/NREL/OpenStudio-fault-models/pat_projects/PAT_FRP_condernser_fouling/temp_data/analysis_238947ed-fb40-4d51-9134-f79aa4ddceb1/data_point_1f78a96d-daf1-4cab-b1a0-38879a49fe6c/reports/timeseries_objective_function_report_RTU Exit.html to http://localhost:8080/data_points/1f78a96d-daf1-4cab-b1a0-38879a49fe6c/upload_file
[08:55:57.648927 INFO] Saving report responded with {"id":"5af5aefd104ea2923f61a762","data_point_id":"1f78a96d-daf1-4cab-b1a0-38879a49fe6c","display_name":"timeseries_objective_function_report_RTU Exit","type":"Report","created_at":"2018-05-11T14:55:57.623Z","updated_at":"2018-05-11T14:55:57.623Z"}
[08:55:57.649216 INFO] Saving report /Users/dgoldwas/Documents/GitHub/NREL/OpenStudio-fault-models/pat_projects/PAT_FRP_condernser_fouling/temp_data/analysis_238947ed-fb40-4d51-9134-f79aa4ddceb1/data_point_1f78a96d-daf1-4cab-b1a0-38879a49fe6c/reports/timeseries_objective_function_report_Standard Airflow Volume.html to http://localhost:8080/data_points/1f78a96d-daf1-4cab-b1a0-38879a49fe6c/upload_file
[08:55:57.712441 INFO] Saving report responded with {"id":"5af5aefd104ea2923f61a763","data_point_id":"1f78a96d-daf1-4cab-b1a0-38879a49fe6c","display_name":"timeseries_objective_function_report_Standard Airflow Volume","type":"Report","created_at":"2018-05-11T14:55:57.697Z","updated_at":"2018-05-11T14:55:57.697Z"}
[08:55:57.712569 INFO] Saving report /Users/dgoldwas/Documents/GitHub/NREL/OpenStudio-fault-models/pat_projects/PAT_FRP_condernser_fouling/temp_data/analysis_238947ed-fb40-4d51-9134-f79aa4ddceb1/data_point_1f78a96d-daf1-4cab-b1a0-38879a49fe6c/reports/timeseries_objective_function_report_Total Consumption.html to http://localhost:8080/data_points/1f78a96d-daf1-4cab-b1a0-38879a49fe6c/upload_file
[08:55:57.804115 INFO] Saving report responded with {"id":"5af5aefd104ea2923f61a764","data_point_id":"1f78a96d-daf1-4cab-b1a0-38879a49fe6c","display_name":"timeseries_objective_function_report_Total Consumption","type":"Report","created_at":"2018-05-11T14:55:57.783Z","updated_at":"2018-05-11T14:55:57.783Z"}
[08:55:57.804366 INFO] Saving report /Users/dgoldwas/Documents/GitHub/NREL/OpenStudio-fault-models/pat_projects/PAT_FRP_condernser_fouling/temp_data/analysis_238947ed-fb40-4d51-9134-f79aa4ddceb1/data_point_1f78a96d-daf1-4cab-b1a0-38879a49fe6c/run/objectives.json to http://localhost:8080/data_points/1f78a96d-daf1-4cab-b1a0-38879a49fe6c/upload_file
[08:55:57.856124 INFO] Saving report responded with {"id":"5af5aefd104ea2923f61a765","data_point_id":"1f78a96d-daf1-4cab-b1a0-38879a49fe6c","display_name":"objectives","type":"Report","created_at":"2018-05-11T14:55:57.834Z","updated_at":"2018-05-11T14:55:57.834Z"}
[08:55:57.856313 INFO] Saving report /Users/dgoldwas/Documents/GitHub/NREL/OpenStudio-fault-models/pat_projects/PAT_FRP_condernser_fouling/temp_data/analysis_238947ed-fb40-4d51-9134-f79aa4ddceb1/data_point_1f78a96d-daf1-4cab-b1a0-38879a49fe6c/out.osw to http://localhost:8080/data_points/1f78a96d-daf1-4cab-b1a0-38879a49fe6c/upload_file
[08:55:58.013728 INFO] Saving report responded with {"id":"5af5aefd104ea2923f61a766","data_point_id":"1f78a96d-daf1-4cab-b1a0-38879a49fe6c","display_name":"Final OSW File","type":"Report","created_at":"2018-05-11T14:55:57.980Z","updated_at":"2018-05-11T14:55:57.980Z"}
[08:55:58.013966 INFO] Saving report /Users/dgoldwas/Documents/GitHub/NREL/OpenStudio-fault-models/pat_projects/PAT_FRP_condernser_fouling/temp_data/analysis_238947ed-fb40-4d51-9134-f79aa4ddceb1/data_point_1f78a96d-daf1-4cab-b1a0-38879a49fe6c/in.osm to http://localhost:8080/data_points/1f78a96d-daf1-4cab-b1a0-38879a49fe6c/upload_file
[08:55:58.147205 INFO] Saving report responded with {"id":"5af5aefe104ea2923f61a768","data_point_id":"1f78a96d-daf1-4cab-b1a0-38879a49fe6c","display_name":"model","type":"OpenStudio Model","created_at":"2018-05-11T14:55:58.127Z","updated_at":"2018-05-11T14:55:58.127Z"}
[08:55:58.147463 INFO] Saving report /Users/dgoldwas/Documents/GitHub/NREL/OpenStudio-fault-models/pat_projects/PAT_FRP_condernser_fouling/temp_data/analysis_238947ed-fb40-4d51-9134-f79aa4ddceb1/data_point_1f78a96d-daf1-4cab-b1a0-38879a49fe6c/run/data_point.zip to http://localhost:8080/data_points/1f78a96d-daf1-4cab-b1a0-38879a49fe6c/upload_file
[08:55:58.481396 INFO] Saving report responded with {"id":"5af5aefe104ea2923f61a76a","data_point_id":"1f78a96d-daf1-4cab-b1a0-38879a49fe6c","display_name":"Zip File","type":"Data Point","created_at":"2018-05-11T14:55:58.439Z","updated_at":"2018-05-11T14:55:58.439Z"}
[08:55:58.498335 INFO] Finished /Applications/OpenStudio-2.5.1/ParametricAnalysisTool.app/Contents/Resources/OpenStudio-server/server/app/workers/run_simulate_data_point.rb
