# Logfile created on 2018-05-09 02:04:11 -0600 by logger.rb/47272
[02:04:11.796304 INFO] Server host is http://localhost:8080
[02:04:11.796361 INFO] Analysis directory is /Users/dgoldwas/Documents/GitHub/NREL/OpenStudio-fault-models/pat_projects/PAT_FRP_condernser_fouling/temp_data/analysis_16e80b16-a637-4287-8486-d31b396b2550
[02:04:11.796403 INFO] Simulation directory is /Users/dgoldwas/Documents/GitHub/NREL/OpenStudio-fault-models/pat_projects/PAT_FRP_condernser_fouling/temp_data/analysis_16e80b16-a637-4287-8486-d31b396b2550/data_point_a10192b8-71c2-4e76-8b5e-3e128f498340
[02:04:11.796424 INFO] Run datapoint type/file is workflow
[02:04:11.796443 INFO] Starting initialize_worker for datapoint a10192b8-71c2-4e76-8b5e-3e128f498340
[02:04:11.796510 INFO] receipt_file already exists, moving on
[02:04:11.806515 INFO] Downloading datapoint from http://localhost:8080/data_points/a10192b8-71c2-4e76-8b5e-3e128f498340.json
[02:04:11.854715 INFO] Creating Workflow Manager instance
[02:04:11.854790 INFO] Directory is /Users/dgoldwas/Documents/GitHub/NREL/OpenStudio-fault-models/pat_projects/PAT_FRP_condernser_fouling/temp_data/analysis_16e80b16-a637-4287-8486-d31b396b2550/data_point_a10192b8-71c2-4e76-8b5e-3e128f498340
[02:04:11.854845 INFO] Opening run.log file '/Users/dgoldwas/Documents/GitHub/NREL/OpenStudio-fault-models/pat_projects/PAT_FRP_condernser_fouling/temp_data/analysis_16e80b16-a637-4287-8486-d31b396b2550/data_point_a10192b8-71c2-4e76-8b5e-3e128f498340/run/run.log'
[02:04:11.891137 INFO] Running workflow
[02:05:09.286791 INFO] Final run state is finished
[02:05:09.317678 INFO] Saving files/reports back to the server
[02:05:09.318272 INFO] Saving report /Users/dgoldwas/Documents/GitHub/NREL/OpenStudio-fault-models/pat_projects/PAT_FRP_condernser_fouling/temp_data/analysis_16e80b16-a637-4287-8486-d31b396b2550/data_point_a10192b8-71c2-4e76-8b5e-3e128f498340/reports/eplustbl.html to http://localhost:8080/data_points/a10192b8-71c2-4e76-8b5e-3e128f498340/upload_file
[02:05:09.394818 INFO] Saving report responded with {"id":"5af2abb5104ea2cd066c149f","data_point_id":"a10192b8-71c2-4e76-8b5e-3e128f498340","display_name":"eplustbl","type":"Report","created_at":"2018-05-09T08:05:09.369Z","updated_at":"2018-05-09T08:05:09.369Z"}
[02:05:09.394952 INFO] Saving report /Users/dgoldwas/Documents/GitHub/NREL/OpenStudio-fault-models/pat_projects/PAT_FRP_condernser_fouling/temp_data/analysis_16e80b16-a637-4287-8486-d31b396b2550/data_point_a10192b8-71c2-4e76-8b5e-3e128f498340/reports/openstudio_results_report.html to http://localhost:8080/data_points/a10192b8-71c2-4e76-8b5e-3e128f498340/upload_file
[02:05:09.597910 INFO] Saving report responded with {"id":"5af2abb5104ea2cd066c14a0","data_point_id":"a10192b8-71c2-4e76-8b5e-3e128f498340","display_name":"openstudio_results_report","type":"Report","created_at":"2018-05-09T08:05:09.583Z","updated_at":"2018-05-09T08:05:09.583Z"}
[02:05:09.598024 INFO] Saving report /Users/dgoldwas/Documents/GitHub/NREL/OpenStudio-fault-models/pat_projects/PAT_FRP_condernser_fouling/temp_data/analysis_16e80b16-a637-4287-8486-d31b396b2550/data_point_a10192b8-71c2-4e76-8b5e-3e128f498340/reports/timeseries_objective_function_report_Cooling Consumption.html to http://localhost:8080/data_points/a10192b8-71c2-4e76-8b5e-3e128f498340/upload_file
[02:05:09.650599 INFO] Saving report responded with {"id":"5af2abb5104ea2cd066c14a1","data_point_id":"a10192b8-71c2-4e76-8b5e-3e128f498340","display_name":"timeseries_objective_function_report_Cooling Consumption","type":"Report","created_at":"2018-05-09T08:05:09.638Z","updated_at":"2018-05-09T08:05:09.638Z"}
[02:05:09.650712 INFO] Saving report /Users/dgoldwas/Documents/GitHub/NREL/OpenStudio-fault-models/pat_projects/PAT_FRP_condernser_fouling/temp_data/analysis_16e80b16-a637-4287-8486-d31b396b2550/data_point_a10192b8-71c2-4e76-8b5e-3e128f498340/reports/timeseries_objective_function_report_Equipment Consumption.html to http://localhost:8080/data_points/a10192b8-71c2-4e76-8b5e-3e128f498340/upload_file
[02:05:09.694142 INFO] Saving report responded with {"id":"5af2abb5104ea2cd066c14a2","data_point_id":"a10192b8-71c2-4e76-8b5e-3e128f498340","display_name":"timeseries_objective_function_report_Equipment Consumption","type":"Report","created_at":"2018-05-09T08:05:09.681Z","updated_at":"2018-05-09T08:05:09.681Z"}
[02:05:09.694255 INFO] Saving report /Users/dgoldwas/Documents/GitHub/NREL/OpenStudio-fault-models/pat_projects/PAT_FRP_condernser_fouling/temp_data/analysis_16e80b16-a637-4287-8486-d31b396b2550/data_point_a10192b8-71c2-4e76-8b5e-3e128f498340/reports/timeseries_objective_function_report_Fan Consumption.html to http://localhost:8080/data_points/a10192b8-71c2-4e76-8b5e-3e128f498340/upload_file
[02:05:09.749997 INFO] Saving report responded with {"id":"5af2abb5104ea2cd066c14a3","data_point_id":"a10192b8-71c2-4e76-8b5e-3e128f498340","display_name":"timeseries_objective_function_report_Fan Consumption","type":"Report","created_at":"2018-05-09T08:05:09.722Z","updated_at":"2018-05-09T08:05:09.722Z"}
[02:05:09.750116 INFO] Saving report /Users/dgoldwas/Documents/GitHub/NREL/OpenStudio-fault-models/pat_projects/PAT_FRP_condernser_fouling/temp_data/analysis_16e80b16-a637-4287-8486-d31b396b2550/data_point_a10192b8-71c2-4e76-8b5e-3e128f498340/reports/timeseries_objective_function_report_Heating Consumption.html to http://localhost:8080/data_points/a10192b8-71c2-4e76-8b5e-3e128f498340/upload_file
[02:05:09.801208 INFO] Saving report responded with {"id":"5af2abb5104ea2cd066c14a4","data_point_id":"a10192b8-71c2-4e76-8b5e-3e128f498340","display_name":"timeseries_objective_function_report_Heating Consumption","type":"Report","created_at":"2018-05-09T08:05:09.786Z","updated_at":"2018-05-09T08:05:09.786Z"}
[02:05:09.801352 INFO] Saving report /Users/dgoldwas/Documents/GitHub/NREL/OpenStudio-fault-models/pat_projects/PAT_FRP_condernser_fouling/temp_data/analysis_16e80b16-a637-4287-8486-d31b396b2550/data_point_a10192b8-71c2-4e76-8b5e-3e128f498340/reports/timeseries_objective_function_report_Lighting Consumption.html to http://localhost:8080/data_points/a10192b8-71c2-4e76-8b5e-3e128f498340/upload_file
[02:05:09.876167 INFO] Saving report responded with {"id":"5af2abb5104ea2cd066c14a5","data_point_id":"a10192b8-71c2-4e76-8b5e-3e128f498340","display_name":"timeseries_objective_function_report_Lighting Consumption","type":"Report","created_at":"2018-05-09T08:05:09.861Z","updated_at":"2018-05-09T08:05:09.861Z"}
[02:05:09.876273 INFO] Saving report /Users/dgoldwas/Documents/GitHub/NREL/OpenStudio-fault-models/pat_projects/PAT_FRP_condernser_fouling/temp_data/analysis_16e80b16-a637-4287-8486-d31b396b2550/data_point_a10192b8-71c2-4e76-8b5e-3e128f498340/reports/timeseries_objective_function_report_Outdoor Air Temperature.html to http://localhost:8080/data_points/a10192b8-71c2-4e76-8b5e-3e128f498340/upload_file
[02:05:09.945293 INFO] Saving report responded with {"id":"5af2abb5104ea2cd066c14a6","data_point_id":"a10192b8-71c2-4e76-8b5e-3e128f498340","display_name":"timeseries_objective_function_report_Outdoor Air Temperature","type":"Report","created_at":"2018-05-09T08:05:09.926Z","updated_at":"2018-05-09T08:05:09.926Z"}
[02:05:09.945479 INFO] Saving report /Users/dgoldwas/Documents/GitHub/NREL/OpenStudio-fault-models/pat_projects/PAT_FRP_condernser_fouling/temp_data/analysis_16e80b16-a637-4287-8486-d31b396b2550/data_point_a10192b8-71c2-4e76-8b5e-3e128f498340/reports/timeseries_objective_function_report_RTU Enter.html to http://localhost:8080/data_points/a10192b8-71c2-4e76-8b5e-3e128f498340/upload_file
[02:05:09.999568 INFO] Saving report responded with {"id":"5af2abb5104ea2cd066c14a7","data_point_id":"a10192b8-71c2-4e76-8b5e-3e128f498340","display_name":"timeseries_objective_function_report_RTU Enter","type":"Report","created_at":"2018-05-09T08:05:09.982Z","updated_at":"2018-05-09T08:05:09.982Z"}
[02:05:09.999678 INFO] Saving report /Users/dgoldwas/Documents/GitHub/NREL/OpenStudio-fault-models/pat_projects/PAT_FRP_condernser_fouling/temp_data/analysis_16e80b16-a637-4287-8486-d31b396b2550/data_point_a10192b8-71c2-4e76-8b5e-3e128f498340/reports/timeseries_objective_function_report_RTU Exit.html to http://localhost:8080/data_points/a10192b8-71c2-4e76-8b5e-3e128f498340/upload_file
[02:05:10.052134 INFO] Saving report responded with {"id":"5af2abb6104ea2cd066c14a8","data_point_id":"a10192b8-71c2-4e76-8b5e-3e128f498340","display_name":"timeseries_objective_function_report_RTU Exit","type":"Report","created_at":"2018-05-09T08:05:10.037Z","updated_at":"2018-05-09T08:05:10.037Z"}
[02:05:10.052250 INFO] Saving report /Users/dgoldwas/Documents/GitHub/NREL/OpenStudio-fault-models/pat_projects/PAT_FRP_condernser_fouling/temp_data/analysis_16e80b16-a637-4287-8486-d31b396b2550/data_point_a10192b8-71c2-4e76-8b5e-3e128f498340/reports/timeseries_objective_function_report_Total Consumption.html to http://localhost:8080/data_points/a10192b8-71c2-4e76-8b5e-3e128f498340/upload_file
[02:05:10.111905 INFO] Saving report responded with {"id":"5af2abb6104ea2cd066c14a9","data_point_id":"a10192b8-71c2-4e76-8b5e-3e128f498340","display_name":"timeseries_objective_function_report_Total Consumption","type":"Report","created_at":"2018-05-09T08:05:10.098Z","updated_at":"2018-05-09T08:05:10.098Z"}
[02:05:10.112083 INFO] Saving report /Users/dgoldwas/Documents/GitHub/NREL/OpenStudio-fault-models/pat_projects/PAT_FRP_condernser_fouling/temp_data/analysis_16e80b16-a637-4287-8486-d31b396b2550/data_point_a10192b8-71c2-4e76-8b5e-3e128f498340/run/objectives.json to http://localhost:8080/data_points/a10192b8-71c2-4e76-8b5e-3e128f498340/upload_file
[02:05:10.142223 INFO] Saving report responded with {"id":"5af2abb6104ea2cd066c14aa","data_point_id":"a10192b8-71c2-4e76-8b5e-3e128f498340","display_name":"objectives","type":"Report","created_at":"2018-05-09T08:05:10.131Z","updated_at":"2018-05-09T08:05:10.131Z"}
[02:05:10.142398 INFO] Saving report /Users/dgoldwas/Documents/GitHub/NREL/OpenStudio-fault-models/pat_projects/PAT_FRP_condernser_fouling/temp_data/analysis_16e80b16-a637-4287-8486-d31b396b2550/data_point_a10192b8-71c2-4e76-8b5e-3e128f498340/out.osw to http://localhost:8080/data_points/a10192b8-71c2-4e76-8b5e-3e128f498340/upload_file
[02:05:10.230220 INFO] Saving report responded with {"id":"5af2abb6104ea2cd066c14ab","data_point_id":"a10192b8-71c2-4e76-8b5e-3e128f498340","display_name":"Final OSW File","type":"Report","created_at":"2018-05-09T08:05:10.217Z","updated_at":"2018-05-09T08:05:10.217Z"}
[02:05:10.230369 INFO] Saving report /Users/dgoldwas/Documents/GitHub/NREL/OpenStudio-fault-models/pat_projects/PAT_FRP_condernser_fouling/temp_data/analysis_16e80b16-a637-4287-8486-d31b396b2550/data_point_a10192b8-71c2-4e76-8b5e-3e128f498340/in.osm to http://localhost:8080/data_points/a10192b8-71c2-4e76-8b5e-3e128f498340/upload_file
[02:05:10.402419 INFO] Saving report responded with {"id":"5af2abb6104ea2cd066c14ac","data_point_id":"a10192b8-71c2-4e76-8b5e-3e128f498340","display_name":"model","type":"OpenStudio Model","created_at":"2018-05-09T08:05:10.389Z","updated_at":"2018-05-09T08:05:10.389Z"}
[02:05:10.402578 INFO] Saving report /Users/dgoldwas/Documents/GitHub/NREL/OpenStudio-fault-models/pat_projects/PAT_FRP_condernser_fouling/temp_data/analysis_16e80b16-a637-4287-8486-d31b396b2550/data_point_a10192b8-71c2-4e76-8b5e-3e128f498340/run/data_point.zip to http://localhost:8080/data_points/a10192b8-71c2-4e76-8b5e-3e128f498340/upload_file
[02:05:10.513332 INFO] Saving report responded with {"id":"5af2abb6104ea2cd066c14ad","data_point_id":"a10192b8-71c2-4e76-8b5e-3e128f498340","display_name":"Zip File","type":"Data Point","created_at":"2018-05-09T08:05:10.493Z","updated_at":"2018-05-09T08:05:10.493Z"}
[02:05:10.523831 INFO] Finished /Applications/OpenStudio-2.5.1/ParametricAnalysisTool.app/Contents/Resources/OpenStudio-server/server/app/workers/run_simulate_data_point.rb
