# Logfile created on 2018-05-11 08:55:14 -0600 by logger.rb/47272
[08:55:14.761956 INFO] Server host is http://localhost:8080
[08:55:14.762006 INFO] Analysis directory is /Users/dgoldwas/Documents/GitHub/NREL/OpenStudio-fault-models/pat_projects/PAT_FRP_condernser_fouling/temp_data/analysis_238947ed-fb40-4d51-9134-f79aa4ddceb1
[08:55:14.762038 INFO] Simulation directory is /Users/dgoldwas/Documents/GitHub/NREL/OpenStudio-fault-models/pat_projects/PAT_FRP_condernser_fouling/temp_data/analysis_238947ed-fb40-4d51-9134-f79aa4ddceb1/data_point_20be002f-1aa0-4fa4-a4a3-46186f6415e9
[08:55:14.762055 INFO] Run datapoint type/file is workflow
[08:55:14.762074 INFO] Starting initialize_worker for datapoint 20be002f-1aa0-4fa4-a4a3-46186f6415e9
[08:55:14.762113 INFO] receipt_file already exists, moving on
[08:55:14.767872 INFO] Downloading datapoint from http://localhost:8080/data_points/20be002f-1aa0-4fa4-a4a3-46186f6415e9.json
[08:55:14.795473 INFO] Creating Workflow Manager instance
[08:55:14.795570 INFO] Directory is /Users/dgoldwas/Documents/GitHub/NREL/OpenStudio-fault-models/pat_projects/PAT_FRP_condernser_fouling/temp_data/analysis_238947ed-fb40-4d51-9134-f79aa4ddceb1/data_point_20be002f-1aa0-4fa4-a4a3-46186f6415e9
[08:55:14.795661 INFO] Opening run.log file '/Users/dgoldwas/Documents/GitHub/NREL/OpenStudio-fault-models/pat_projects/PAT_FRP_condernser_fouling/temp_data/analysis_238947ed-fb40-4d51-9134-f79aa4ddceb1/data_point_20be002f-1aa0-4fa4-a4a3-46186f6415e9/run/run.log'
[08:55:14.838407 INFO] Running workflow
[08:56:15.738609 INFO] Final run state is finished
[08:56:15.784059 INFO] Saving files/reports back to the server
[08:56:15.784814 INFO] Saving report /Users/dgoldwas/Documents/GitHub/NREL/OpenStudio-fault-models/pat_projects/PAT_FRP_condernser_fouling/temp_data/analysis_238947ed-fb40-4d51-9134-f79aa4ddceb1/data_point_20be002f-1aa0-4fa4-a4a3-46186f6415e9/reports/eplustbl.html to http://localhost:8080/data_points/20be002f-1aa0-4fa4-a4a3-46186f6415e9/upload_file
[08:56:15.861287 INFO] Saving report responded with {"id":"5af5af0f104ea2923f61a7a6","data_point_id":"20be002f-1aa0-4fa4-a4a3-46186f6415e9","display_name":"eplustbl","type":"Report","created_at":"2018-05-11T14:56:15.846Z","updated_at":"2018-05-11T14:56:15.846Z"}
[08:56:15.861405 INFO] Saving report /Users/dgoldwas/Documents/GitHub/NREL/OpenStudio-fault-models/pat_projects/PAT_FRP_condernser_fouling/temp_data/analysis_238947ed-fb40-4d51-9134-f79aa4ddceb1/data_point_20be002f-1aa0-4fa4-a4a3-46186f6415e9/reports/openstudio_results_report.html to http://localhost:8080/data_points/20be002f-1aa0-4fa4-a4a3-46186f6415e9/upload_file
[08:56:16.044848 INFO] Saving report responded with {"id":"5af5af10104ea2923f61a7a8","data_point_id":"20be002f-1aa0-4fa4-a4a3-46186f6415e9","display_name":"openstudio_results_report","type":"Report","created_at":"2018-05-11T14:56:16.031Z","updated_at":"2018-05-11T14:56:16.031Z"}
[08:56:16.044959 INFO] Saving report /Users/dgoldwas/Documents/GitHub/NREL/OpenStudio-fault-models/pat_projects/PAT_FRP_condernser_fouling/temp_data/analysis_238947ed-fb40-4d51-9134-f79aa4ddceb1/data_point_20be002f-1aa0-4fa4-a4a3-46186f6415e9/reports/timeseries_objective_function_report_Cooling Capacity.html to http://localhost:8080/data_points/20be002f-1aa0-4fa4-a4a3-46186f6415e9/upload_file
[08:56:16.135404 INFO] Saving report responded with {"id":"5af5af10104ea2923f61a7aa","data_point_id":"20be002f-1aa0-4fa4-a4a3-46186f6415e9","display_name":"timeseries_objective_function_report_Cooling Capacity","type":"Report","created_at":"2018-05-11T14:56:16.124Z","updated_at":"2018-05-11T14:56:16.124Z"}
[08:56:16.135515 INFO] Saving report /Users/dgoldwas/Documents/GitHub/NREL/OpenStudio-fault-models/pat_projects/PAT_FRP_condernser_fouling/temp_data/analysis_238947ed-fb40-4d51-9134-f79aa4ddceb1/data_point_20be002f-1aa0-4fa4-a4a3-46186f6415e9/reports/timeseries_objective_function_report_Cooling Consumption.html to http://localhost:8080/data_points/20be002f-1aa0-4fa4-a4a3-46186f6415e9/upload_file
[08:56:16.236175 INFO] Saving report responded with {"id":"5af5af10104ea2923f61a7ac","data_point_id":"20be002f-1aa0-4fa4-a4a3-46186f6415e9","display_name":"timeseries_objective_function_report_Cooling Consumption","type":"Report","created_at":"2018-05-11T14:56:16.222Z","updated_at":"2018-05-11T14:56:16.222Z"}
[08:56:16.236288 INFO] Saving report /Users/dgoldwas/Documents/GitHub/NREL/OpenStudio-fault-models/pat_projects/PAT_FRP_condernser_fouling/temp_data/analysis_238947ed-fb40-4d51-9134-f79aa4ddceb1/data_point_20be002f-1aa0-4fa4-a4a3-46186f6415e9/reports/timeseries_objective_function_report_Equipment Consumption.html to http://localhost:8080/data_points/20be002f-1aa0-4fa4-a4a3-46186f6415e9/upload_file
[08:56:16.311648 INFO] Saving report responded with {"id":"5af5af10104ea2923f61a7ae","data_point_id":"20be002f-1aa0-4fa4-a4a3-46186f6415e9","display_name":"timeseries_objective_function_report_Equipment Consumption","type":"Report","created_at":"2018-05-11T14:56:16.289Z","updated_at":"2018-05-11T14:56:16.289Z"}
[08:56:16.311887 INFO] Saving report /Users/dgoldwas/Documents/GitHub/NREL/OpenStudio-fault-models/pat_projects/PAT_FRP_condernser_fouling/temp_data/analysis_238947ed-fb40-4d51-9134-f79aa4ddceb1/data_point_20be002f-1aa0-4fa4-a4a3-46186f6415e9/reports/timeseries_objective_function_report_Fan Consumption.html to http://localhost:8080/data_points/20be002f-1aa0-4fa4-a4a3-46186f6415e9/upload_file
[08:56:16.393286 INFO] Saving report responded with {"id":"5af5af10104ea2923f61a7b0","data_point_id":"20be002f-1aa0-4fa4-a4a3-46186f6415e9","display_name":"timeseries_objective_function_report_Fan Consumption","type":"Report","created_at":"2018-05-11T14:56:16.379Z","updated_at":"2018-05-11T14:56:16.379Z"}
[08:56:16.393413 INFO] Saving report /Users/dgoldwas/Documents/GitHub/NREL/OpenStudio-fault-models/pat_projects/PAT_FRP_condernser_fouling/temp_data/analysis_238947ed-fb40-4d51-9134-f79aa4ddceb1/data_point_20be002f-1aa0-4fa4-a4a3-46186f6415e9/reports/timeseries_objective_function_report_Heating Consumption.html to http://localhost:8080/data_points/20be002f-1aa0-4fa4-a4a3-46186f6415e9/upload_file
[08:56:16.493710 INFO] Saving report responded with {"id":"5af5af10104ea2923f61a7b2","data_point_id":"20be002f-1aa0-4fa4-a4a3-46186f6415e9","display_name":"timeseries_objective_function_report_Heating Consumption","type":"Report","created_at":"2018-05-11T14:56:16.478Z","updated_at":"2018-05-11T14:56:16.478Z"}
[08:56:16.493816 INFO] Saving report /Users/dgoldwas/Documents/GitHub/NREL/OpenStudio-fault-models/pat_projects/PAT_FRP_condernser_fouling/temp_data/analysis_238947ed-fb40-4d51-9134-f79aa4ddceb1/data_point_20be002f-1aa0-4fa4-a4a3-46186f6415e9/reports/timeseries_objective_function_report_Lighting Consumption.html to http://localhost:8080/data_points/20be002f-1aa0-4fa4-a4a3-46186f6415e9/upload_file
[08:56:16.585464 INFO] Saving report responded with {"id":"5af5af10104ea2923f61a7b4","data_point_id":"20be002f-1aa0-4fa4-a4a3-46186f6415e9","display_name":"timeseries_objective_function_report_Lighting Consumption","type":"Report","created_at":"2018-05-11T14:56:16.572Z","updated_at":"2018-05-11T14:56:16.572Z"}
[08:56:16.585557 INFO] Saving report /Users/dgoldwas/Documents/GitHub/NREL/OpenStudio-fault-models/pat_projects/PAT_FRP_condernser_fouling/temp_data/analysis_238947ed-fb40-4d51-9134-f79aa4ddceb1/data_point_20be002f-1aa0-4fa4-a4a3-46186f6415e9/reports/timeseries_objective_function_report_Outdoor Air Temperature.html to http://localhost:8080/data_points/20be002f-1aa0-4fa4-a4a3-46186f6415e9/upload_file
[08:56:16.650004 INFO] Saving report responded with {"id":"5af5af10104ea2923f61a7b6","data_point_id":"20be002f-1aa0-4fa4-a4a3-46186f6415e9","display_name":"timeseries_objective_function_report_Outdoor Air Temperature","type":"Report","created_at":"2018-05-11T14:56:16.637Z","updated_at":"2018-05-11T14:56:16.637Z"}
[08:56:16.650115 INFO] Saving report /Users/dgoldwas/Documents/GitHub/NREL/OpenStudio-fault-models/pat_projects/PAT_FRP_condernser_fouling/temp_data/analysis_238947ed-fb40-4d51-9134-f79aa4ddceb1/data_point_20be002f-1aa0-4fa4-a4a3-46186f6415e9/reports/timeseries_objective_function_report_RTU Enter.html to http://localhost:8080/data_points/20be002f-1aa0-4fa4-a4a3-46186f6415e9/upload_file
[08:56:16.766865 INFO] Saving report responded with {"id":"5af5af10104ea2923f61a7b8","data_point_id":"20be002f-1aa0-4fa4-a4a3-46186f6415e9","display_name":"timeseries_objective_function_report_RTU Enter","type":"Report","created_at":"2018-05-11T14:56:16.754Z","updated_at":"2018-05-11T14:56:16.754Z"}
[08:56:16.766994 INFO] Saving report /Users/dgoldwas/Documents/GitHub/NREL/OpenStudio-fault-models/pat_projects/PAT_FRP_condernser_fouling/temp_data/analysis_238947ed-fb40-4d51-9134-f79aa4ddceb1/data_point_20be002f-1aa0-4fa4-a4a3-46186f6415e9/reports/timeseries_objective_function_report_RTU Exit.html to http://localhost:8080/data_points/20be002f-1aa0-4fa4-a4a3-46186f6415e9/upload_file
[08:56:16.852519 INFO] Saving report responded with {"id":"5af5af10104ea2923f61a7ba","data_point_id":"20be002f-1aa0-4fa4-a4a3-46186f6415e9","display_name":"timeseries_objective_function_report_RTU Exit","type":"Report","created_at":"2018-05-11T14:56:16.840Z","updated_at":"2018-05-11T14:56:16.840Z"}
[08:56:16.852632 INFO] Saving report /Users/dgoldwas/Documents/GitHub/NREL/OpenStudio-fault-models/pat_projects/PAT_FRP_condernser_fouling/temp_data/analysis_238947ed-fb40-4d51-9134-f79aa4ddceb1/data_point_20be002f-1aa0-4fa4-a4a3-46186f6415e9/reports/timeseries_objective_function_report_Standard Airflow Volume.html to http://localhost:8080/data_points/20be002f-1aa0-4fa4-a4a3-46186f6415e9/upload_file
[08:56:16.895630 INFO] Saving report responded with {"id":"5af5af10104ea2923f61a7bb","data_point_id":"20be002f-1aa0-4fa4-a4a3-46186f6415e9","display_name":"timeseries_objective_function_report_Standard Airflow Volume","type":"Report","created_at":"2018-05-11T14:56:16.883Z","updated_at":"2018-05-11T14:56:16.883Z"}
[08:56:16.895754 INFO] Saving report /Users/dgoldwas/Documents/GitHub/NREL/OpenStudio-fault-models/pat_projects/PAT_FRP_condernser_fouling/temp_data/analysis_238947ed-fb40-4d51-9134-f79aa4ddceb1/data_point_20be002f-1aa0-4fa4-a4a3-46186f6415e9/reports/timeseries_objective_function_report_Total Consumption.html to http://localhost:8080/data_points/20be002f-1aa0-4fa4-a4a3-46186f6415e9/upload_file
[08:56:17.014628 INFO] Saving report responded with {"id":"5af5af11104ea2923f61a7bd","data_point_id":"20be002f-1aa0-4fa4-a4a3-46186f6415e9","display_name":"timeseries_objective_function_report_Total Consumption","type":"Report","created_at":"2018-05-11T14:56:17.002Z","updated_at":"2018-05-11T14:56:17.002Z"}
[08:56:17.014805 INFO] Saving report /Users/dgoldwas/Documents/GitHub/NREL/OpenStudio-fault-models/pat_projects/PAT_FRP_condernser_fouling/temp_data/analysis_238947ed-fb40-4d51-9134-f79aa4ddceb1/data_point_20be002f-1aa0-4fa4-a4a3-46186f6415e9/run/objectives.json to http://localhost:8080/data_points/20be002f-1aa0-4fa4-a4a3-46186f6415e9/upload_file
[08:56:17.101337 INFO] Saving report responded with {"id":"5af5af11104ea2923f61a7bf","data_point_id":"20be002f-1aa0-4fa4-a4a3-46186f6415e9","display_name":"objectives","type":"Report","created_at":"2018-05-11T14:56:17.086Z","updated_at":"2018-05-11T14:56:17.086Z"}
[08:56:17.101508 INFO] Saving report /Users/dgoldwas/Documents/GitHub/NREL/OpenStudio-fault-models/pat_projects/PAT_FRP_condernser_fouling/temp_data/analysis_238947ed-fb40-4d51-9134-f79aa4ddceb1/data_point_20be002f-1aa0-4fa4-a4a3-46186f6415e9/out.osw to http://localhost:8080/data_points/20be002f-1aa0-4fa4-a4a3-46186f6415e9/upload_file
[08:56:17.199391 INFO] Saving report responded with {"id":"5af5af11104ea2923f61a7c0","data_point_id":"20be002f-1aa0-4fa4-a4a3-46186f6415e9","display_name":"Final OSW File","type":"Report","created_at":"2018-05-11T14:56:17.186Z","updated_at":"2018-05-11T14:56:17.186Z"}
[08:56:17.199583 INFO] Saving report /Users/dgoldwas/Documents/GitHub/NREL/OpenStudio-fault-models/pat_projects/PAT_FRP_condernser_fouling/temp_data/analysis_238947ed-fb40-4d51-9134-f79aa4ddceb1/data_point_20be002f-1aa0-4fa4-a4a3-46186f6415e9/in.osm to http://localhost:8080/data_points/20be002f-1aa0-4fa4-a4a3-46186f6415e9/upload_file
[08:56:17.253019 INFO] Saving report responded with {"id":"5af5af11104ea2923f61a7c1","data_point_id":"20be002f-1aa0-4fa4-a4a3-46186f6415e9","display_name":"model","type":"OpenStudio Model","created_at":"2018-05-11T14:56:17.239Z","updated_at":"2018-05-11T14:56:17.239Z"}
[08:56:17.253191 INFO] Saving report /Users/dgoldwas/Documents/GitHub/NREL/OpenStudio-fault-models/pat_projects/PAT_FRP_condernser_fouling/temp_data/analysis_238947ed-fb40-4d51-9134-f79aa4ddceb1/data_point_20be002f-1aa0-4fa4-a4a3-46186f6415e9/run/data_point.zip to http://localhost:8080/data_points/20be002f-1aa0-4fa4-a4a3-46186f6415e9/upload_file
[08:56:17.372527 INFO] Saving report responded with {"id":"5af5af11104ea2923f61a7c2","data_point_id":"20be002f-1aa0-4fa4-a4a3-46186f6415e9","display_name":"Zip File","type":"Data Point","created_at":"2018-05-11T14:56:17.356Z","updated_at":"2018-05-11T14:56:17.356Z"}
[08:56:17.382974 INFO] Finished /Applications/OpenStudio-2.5.1/ParametricAnalysisTool.app/Contents/Resources/OpenStudio-server/server/app/workers/run_simulate_data_point.rb
