# Logfile created on 2018-05-09 02:04:06 -0600 by logger.rb/47272
[02:04:06.963707 INFO] Server host is http://localhost:8080
[02:04:06.963756 INFO] Analysis directory is /Users/dgoldwas/Documents/GitHub/NREL/OpenStudio-fault-models/pat_projects/PAT_FRP_condernser_fouling/temp_data/analysis_16e80b16-a637-4287-8486-d31b396b2550
[02:04:06.963795 INFO] Simulation directory is /Users/dgoldwas/Documents/GitHub/NREL/OpenStudio-fault-models/pat_projects/PAT_FRP_condernser_fouling/temp_data/analysis_16e80b16-a637-4287-8486-d31b396b2550/data_point_2fc8a8f2-c283-4512-b8ac-34cf0239dcda
[02:04:06.963813 INFO] Run datapoint type/file is workflow
[02:04:06.963831 INFO] Starting initialize_worker for datapoint 2fc8a8f2-c283-4512-b8ac-34cf0239dcda
[02:04:06.964152 INFO] Downloading analysis zip from http://localhost:8080/analyses/16e80b16-a637-4287-8486-d31b396b2550/download_analysis_zip
[02:04:11.475271 INFO] Extracting analysis zip to /Users/dgoldwas/Documents/GitHub/NREL/OpenStudio-fault-models/pat_projects/PAT_FRP_condernser_fouling/temp_data/analysis_16e80b16-a637-4287-8486-d31b396b2550
[02:04:11.758172 INFO] Downloading analysis.json from http://localhost:8080/analyses/16e80b16-a637-4287-8486-d31b396b2550.json
[02:04:11.796321 INFO] Finished worker initialization
[02:04:11.804449 INFO] Downloading datapoint from http://localhost:8080/data_points/2fc8a8f2-c283-4512-b8ac-34cf0239dcda.json
[02:04:11.835948 INFO] Creating Workflow Manager instance
[02:04:11.836018 INFO] Directory is /Users/dgoldwas/Documents/GitHub/NREL/OpenStudio-fault-models/pat_projects/PAT_FRP_condernser_fouling/temp_data/analysis_16e80b16-a637-4287-8486-d31b396b2550/data_point_2fc8a8f2-c283-4512-b8ac-34cf0239dcda
[02:04:11.836049 INFO] Opening run.log file '/Users/dgoldwas/Documents/GitHub/NREL/OpenStudio-fault-models/pat_projects/PAT_FRP_condernser_fouling/temp_data/analysis_16e80b16-a637-4287-8486-d31b396b2550/data_point_2fc8a8f2-c283-4512-b8ac-34cf0239dcda/run/run.log'
[02:04:11.876816 INFO] Running workflow
[02:04:51.196133 INFO] Final run state is finished
[02:04:51.255306 INFO] Saving files/reports back to the server
[02:04:51.256057 INFO] Saving report /Users/dgoldwas/Documents/GitHub/NREL/OpenStudio-fault-models/pat_projects/PAT_FRP_condernser_fouling/temp_data/analysis_16e80b16-a637-4287-8486-d31b396b2550/data_point_2fc8a8f2-c283-4512-b8ac-34cf0239dcda/reports/eplustbl.html to http://localhost:8080/data_points/2fc8a8f2-c283-4512-b8ac-34cf0239dcda/upload_file
[02:04:51.382082 INFO] Saving report responded with {"id":"5af2aba3104ea2cd066c146f","data_point_id":"2fc8a8f2-c283-4512-b8ac-34cf0239dcda","display_name":"eplustbl","type":"Report","created_at":"2018-05-09T08:04:51.333Z","updated_at":"2018-05-09T08:04:51.333Z"}
[02:04:51.382269 INFO] Saving report /Users/dgoldwas/Documents/GitHub/NREL/OpenStudio-fault-models/pat_projects/PAT_FRP_condernser_fouling/temp_data/analysis_16e80b16-a637-4287-8486-d31b396b2550/data_point_2fc8a8f2-c283-4512-b8ac-34cf0239dcda/reports/openstudio_results_report.html to http://localhost:8080/data_points/2fc8a8f2-c283-4512-b8ac-34cf0239dcda/upload_file
[02:04:51.611981 INFO] Saving report responded with {"id":"5af2aba3104ea2cd066c1470","data_point_id":"2fc8a8f2-c283-4512-b8ac-34cf0239dcda","display_name":"openstudio_results_report","type":"Report","created_at":"2018-05-09T08:04:51.597Z","updated_at":"2018-05-09T08:04:51.597Z"}
[02:04:51.612117 INFO] Saving report /Users/dgoldwas/Documents/GitHub/NREL/OpenStudio-fault-models/pat_projects/PAT_FRP_condernser_fouling/temp_data/analysis_16e80b16-a637-4287-8486-d31b396b2550/data_point_2fc8a8f2-c283-4512-b8ac-34cf0239dcda/reports/timeseries_objective_function_report_Cooling Consumption.html to http://localhost:8080/data_points/2fc8a8f2-c283-4512-b8ac-34cf0239dcda/upload_file
[02:04:51.809445 INFO] Saving report responded with {"id":"5af2aba3104ea2cd066c1471","data_point_id":"2fc8a8f2-c283-4512-b8ac-34cf0239dcda","display_name":"timeseries_objective_function_report_Cooling Consumption","type":"Report","created_at":"2018-05-09T08:04:51.794Z","updated_at":"2018-05-09T08:04:51.794Z"}
[02:04:51.809618 INFO] Saving report /Users/dgoldwas/Documents/GitHub/NREL/OpenStudio-fault-models/pat_projects/PAT_FRP_condernser_fouling/temp_data/analysis_16e80b16-a637-4287-8486-d31b396b2550/data_point_2fc8a8f2-c283-4512-b8ac-34cf0239dcda/reports/timeseries_objective_function_report_Equipment Consumption.html to http://localhost:8080/data_points/2fc8a8f2-c283-4512-b8ac-34cf0239dcda/upload_file
[02:04:51.856854 INFO] Saving report responded with {"id":"5af2aba3104ea2cd066c1472","data_point_id":"2fc8a8f2-c283-4512-b8ac-34cf0239dcda","display_name":"timeseries_objective_function_report_Equipment Consumption","type":"Report","created_at":"2018-05-09T08:04:51.844Z","updated_at":"2018-05-09T08:04:51.844Z"}
[02:04:51.856989 INFO] Saving report /Users/dgoldwas/Documents/GitHub/NREL/OpenStudio-fault-models/pat_projects/PAT_FRP_condernser_fouling/temp_data/analysis_16e80b16-a637-4287-8486-d31b396b2550/data_point_2fc8a8f2-c283-4512-b8ac-34cf0239dcda/reports/timeseries_objective_function_report_Fan Consumption.html to http://localhost:8080/data_points/2fc8a8f2-c283-4512-b8ac-34cf0239dcda/upload_file
[02:04:51.909824 INFO] Saving report responded with {"id":"5af2aba3104ea2cd066c1473","data_point_id":"2fc8a8f2-c283-4512-b8ac-34cf0239dcda","display_name":"timeseries_objective_function_report_Fan Consumption","type":"Report","created_at":"2018-05-09T08:04:51.895Z","updated_at":"2018-05-09T08:04:51.895Z"}
[02:04:51.909968 INFO] Saving report /Users/dgoldwas/Documents/GitHub/NREL/OpenStudio-fault-models/pat_projects/PAT_FRP_condernser_fouling/temp_data/analysis_16e80b16-a637-4287-8486-d31b396b2550/data_point_2fc8a8f2-c283-4512-b8ac-34cf0239dcda/reports/timeseries_objective_function_report_Heating Consumption.html to http://localhost:8080/data_points/2fc8a8f2-c283-4512-b8ac-34cf0239dcda/upload_file
[02:04:51.965111 INFO] Saving report responded with {"id":"5af2aba3104ea2cd066c1474","data_point_id":"2fc8a8f2-c283-4512-b8ac-34cf0239dcda","display_name":"timeseries_objective_function_report_Heating Consumption","type":"Report","created_at":"2018-05-09T08:04:51.952Z","updated_at":"2018-05-09T08:04:51.952Z"}
[02:04:51.965263 INFO] Saving report /Users/dgoldwas/Documents/GitHub/NREL/OpenStudio-fault-models/pat_projects/PAT_FRP_condernser_fouling/temp_data/analysis_16e80b16-a637-4287-8486-d31b396b2550/data_point_2fc8a8f2-c283-4512-b8ac-34cf0239dcda/reports/timeseries_objective_function_report_Lighting Consumption.html to http://localhost:8080/data_points/2fc8a8f2-c283-4512-b8ac-34cf0239dcda/upload_file
[02:04:52.014839 INFO] Saving report responded with {"id":"5af2aba4104ea2cd066c1475","data_point_id":"2fc8a8f2-c283-4512-b8ac-34cf0239dcda","display_name":"timeseries_objective_function_report_Lighting Consumption","type":"Report","created_at":"2018-05-09T08:04:52.000Z","updated_at":"2018-05-09T08:04:52.000Z"}
[02:04:52.014970 INFO] Saving report /Users/dgoldwas/Documents/GitHub/NREL/OpenStudio-fault-models/pat_projects/PAT_FRP_condernser_fouling/temp_data/analysis_16e80b16-a637-4287-8486-d31b396b2550/data_point_2fc8a8f2-c283-4512-b8ac-34cf0239dcda/reports/timeseries_objective_function_report_Outdoor Air Temperature.html to http://localhost:8080/data_points/2fc8a8f2-c283-4512-b8ac-34cf0239dcda/upload_file
[02:04:52.238464 INFO] Saving report responded with {"id":"5af2aba4104ea2cd066c1476","data_point_id":"2fc8a8f2-c283-4512-b8ac-34cf0239dcda","display_name":"timeseries_objective_function_report_Outdoor Air Temperature","type":"Report","created_at":"2018-05-09T08:04:52.209Z","updated_at":"2018-05-09T08:04:52.209Z"}
[02:04:52.238675 INFO] Saving report /Users/dgoldwas/Documents/GitHub/NREL/OpenStudio-fault-models/pat_projects/PAT_FRP_condernser_fouling/temp_data/analysis_16e80b16-a637-4287-8486-d31b396b2550/data_point_2fc8a8f2-c283-4512-b8ac-34cf0239dcda/reports/timeseries_objective_function_report_RTU Enter.html to http://localhost:8080/data_points/2fc8a8f2-c283-4512-b8ac-34cf0239dcda/upload_file
[02:04:52.306329 INFO] Saving report responded with {"id":"5af2aba4104ea2cd066c1477","data_point_id":"2fc8a8f2-c283-4512-b8ac-34cf0239dcda","display_name":"timeseries_objective_function_report_RTU Enter","type":"Report","created_at":"2018-05-09T08:04:52.288Z","updated_at":"2018-05-09T08:04:52.288Z"}
[02:04:52.306510 INFO] Saving report /Users/dgoldwas/Documents/GitHub/NREL/OpenStudio-fault-models/pat_projects/PAT_FRP_condernser_fouling/temp_data/analysis_16e80b16-a637-4287-8486-d31b396b2550/data_point_2fc8a8f2-c283-4512-b8ac-34cf0239dcda/reports/timeseries_objective_function_report_RTU Exit.html to http://localhost:8080/data_points/2fc8a8f2-c283-4512-b8ac-34cf0239dcda/upload_file
[02:04:52.457836 INFO] Saving report responded with {"id":"5af2aba4104ea2cd066c1478","data_point_id":"2fc8a8f2-c283-4512-b8ac-34cf0239dcda","display_name":"timeseries_objective_function_report_RTU Exit","type":"Report","created_at":"2018-05-09T08:04:52.445Z","updated_at":"2018-05-09T08:04:52.445Z"}
[02:04:52.457957 INFO] Saving report /Users/dgoldwas/Documents/GitHub/NREL/OpenStudio-fault-models/pat_projects/PAT_FRP_condernser_fouling/temp_data/analysis_16e80b16-a637-4287-8486-d31b396b2550/data_point_2fc8a8f2-c283-4512-b8ac-34cf0239dcda/reports/timeseries_objective_function_report_Total Consumption.html to http://localhost:8080/data_points/2fc8a8f2-c283-4512-b8ac-34cf0239dcda/upload_file
[02:04:52.502147 INFO] Saving report responded with {"id":"5af2aba4104ea2cd066c1479","data_point_id":"2fc8a8f2-c283-4512-b8ac-34cf0239dcda","display_name":"timeseries_objective_function_report_Total Consumption","type":"Report","created_at":"2018-05-09T08:04:52.490Z","updated_at":"2018-05-09T08:04:52.490Z"}
[02:04:52.502472 INFO] Saving report /Users/dgoldwas/Documents/GitHub/NREL/OpenStudio-fault-models/pat_projects/PAT_FRP_condernser_fouling/temp_data/analysis_16e80b16-a637-4287-8486-d31b396b2550/data_point_2fc8a8f2-c283-4512-b8ac-34cf0239dcda/run/objectives.json to http://localhost:8080/data_points/2fc8a8f2-c283-4512-b8ac-34cf0239dcda/upload_file
[02:04:52.547518 INFO] Saving report responded with {"id":"5af2aba4104ea2cd066c147a","data_point_id":"2fc8a8f2-c283-4512-b8ac-34cf0239dcda","display_name":"objectives","type":"Report","created_at":"2018-05-09T08:04:52.530Z","updated_at":"2018-05-09T08:04:52.530Z"}
[02:04:52.547739 INFO] Saving report /Users/dgoldwas/Documents/GitHub/NREL/OpenStudio-fault-models/pat_projects/PAT_FRP_condernser_fouling/temp_data/analysis_16e80b16-a637-4287-8486-d31b396b2550/data_point_2fc8a8f2-c283-4512-b8ac-34cf0239dcda/out.osw to http://localhost:8080/data_points/2fc8a8f2-c283-4512-b8ac-34cf0239dcda/upload_file
[02:04:52.626065 INFO] Saving report responded with {"id":"5af2aba4104ea2cd066c147b","data_point_id":"2fc8a8f2-c283-4512-b8ac-34cf0239dcda","display_name":"Final OSW File","type":"Report","created_at":"2018-05-09T08:04:52.612Z","updated_at":"2018-05-09T08:04:52.612Z"}
[02:04:52.626254 INFO] Saving report /Users/dgoldwas/Documents/GitHub/NREL/OpenStudio-fault-models/pat_projects/PAT_FRP_condernser_fouling/temp_data/analysis_16e80b16-a637-4287-8486-d31b396b2550/data_point_2fc8a8f2-c283-4512-b8ac-34cf0239dcda/in.osm to http://localhost:8080/data_points/2fc8a8f2-c283-4512-b8ac-34cf0239dcda/upload_file
[02:04:52.683515 INFO] Saving report responded with {"id":"5af2aba4104ea2cd066c147c","data_point_id":"2fc8a8f2-c283-4512-b8ac-34cf0239dcda","display_name":"model","type":"OpenStudio Model","created_at":"2018-05-09T08:04:52.666Z","updated_at":"2018-05-09T08:04:52.666Z"}
[02:04:52.683732 INFO] Saving report /Users/dgoldwas/Documents/GitHub/NREL/OpenStudio-fault-models/pat_projects/PAT_FRP_condernser_fouling/temp_data/analysis_16e80b16-a637-4287-8486-d31b396b2550/data_point_2fc8a8f2-c283-4512-b8ac-34cf0239dcda/run/data_point.zip to http://localhost:8080/data_points/2fc8a8f2-c283-4512-b8ac-34cf0239dcda/upload_file
[02:04:52.794651 INFO] Saving report responded with {"id":"5af2aba4104ea2cd066c147d","data_point_id":"2fc8a8f2-c283-4512-b8ac-34cf0239dcda","display_name":"Zip File","type":"Data Point","created_at":"2018-05-09T08:04:52.772Z","updated_at":"2018-05-09T08:04:52.772Z"}
[02:04:52.811051 INFO] Finished /Applications/OpenStudio-2.5.1/ParametricAnalysisTool.app/Contents/Resources/OpenStudio-server/server/app/workers/run_simulate_data_point.rb
