# Logfile created on 2018-05-11 08:55:12 -0600 by logger.rb/47272
[08:55:12.509642 INFO] Server host is http://localhost:8080
[08:55:12.509693 INFO] Analysis directory is /Users/dgoldwas/Documents/GitHub/NREL/OpenStudio-fault-models/pat_projects/PAT_FRP_condernser_fouling/temp_data/analysis_238947ed-fb40-4d51-9134-f79aa4ddceb1
[08:55:12.509723 INFO] Simulation directory is /Users/dgoldwas/Documents/GitHub/NREL/OpenStudio-fault-models/pat_projects/PAT_FRP_condernser_fouling/temp_data/analysis_238947ed-fb40-4d51-9134-f79aa4ddceb1/data_point_a82a0ba6-c26f-4edd-9147-e7e5d42c46ea
[08:55:12.509740 INFO] Run datapoint type/file is workflow
[08:55:12.509761 INFO] Starting initialize_worker for datapoint a82a0ba6-c26f-4edd-9147-e7e5d42c46ea
[08:55:12.509803 INFO] write_lock_file exists, checking & waiting for receipt file
[08:55:12.509862 INFO] waiting for receipt file to appear
[08:55:15.513897 INFO] receipt_file appeared, moving on
[08:55:15.521730 INFO] Downloading datapoint from http://localhost:8080/data_points/a82a0ba6-c26f-4edd-9147-e7e5d42c46ea.json
[08:55:15.550696 INFO] Creating Workflow Manager instance
[08:55:15.550762 INFO] Directory is /Users/dgoldwas/Documents/GitHub/NREL/OpenStudio-fault-models/pat_projects/PAT_FRP_condernser_fouling/temp_data/analysis_238947ed-fb40-4d51-9134-f79aa4ddceb1/data_point_a82a0ba6-c26f-4edd-9147-e7e5d42c46ea
[08:55:15.550796 INFO] Opening run.log file '/Users/dgoldwas/Documents/GitHub/NREL/OpenStudio-fault-models/pat_projects/PAT_FRP_condernser_fouling/temp_data/analysis_238947ed-fb40-4d51-9134-f79aa4ddceb1/data_point_a82a0ba6-c26f-4edd-9147-e7e5d42c46ea/run/run.log'
[08:55:15.590088 INFO] Running workflow
[08:55:58.648159 INFO] Final run state is finished
[08:55:58.719332 INFO] Saving files/reports back to the server
[08:55:58.720095 INFO] Saving report /Users/dgoldwas/Documents/GitHub/NREL/OpenStudio-fault-models/pat_projects/PAT_FRP_condernser_fouling/temp_data/analysis_238947ed-fb40-4d51-9134-f79aa4ddceb1/data_point_a82a0ba6-c26f-4edd-9147-e7e5d42c46ea/reports/eplustbl.html to http://localhost:8080/data_points/a82a0ba6-c26f-4edd-9147-e7e5d42c46ea/upload_file
[08:55:58.862752 INFO] Saving report responded with {"id":"5af5aefe104ea2923f61a770","data_point_id":"a82a0ba6-c26f-4edd-9147-e7e5d42c46ea","display_name":"eplustbl","type":"Report","created_at":"2018-05-11T14:55:58.847Z","updated_at":"2018-05-11T14:55:58.847Z"}
[08:55:58.862886 INFO] Saving report /Users/dgoldwas/Documents/GitHub/NREL/OpenStudio-fault-models/pat_projects/PAT_FRP_condernser_fouling/temp_data/analysis_238947ed-fb40-4d51-9134-f79aa4ddceb1/data_point_a82a0ba6-c26f-4edd-9147-e7e5d42c46ea/reports/openstudio_results_report.html to http://localhost:8080/data_points/a82a0ba6-c26f-4edd-9147-e7e5d42c46ea/upload_file
[08:55:59.188475 INFO] Saving report responded with {"id":"5af5aeff104ea2923f61a774","data_point_id":"a82a0ba6-c26f-4edd-9147-e7e5d42c46ea","display_name":"openstudio_results_report","type":"Report","created_at":"2018-05-11T14:55:59.174Z","updated_at":"2018-05-11T14:55:59.174Z"}
[08:55:59.188606 INFO] Saving report /Users/dgoldwas/Documents/GitHub/NREL/OpenStudio-fault-models/pat_projects/PAT_FRP_condernser_fouling/temp_data/analysis_238947ed-fb40-4d51-9134-f79aa4ddceb1/data_point_a82a0ba6-c26f-4edd-9147-e7e5d42c46ea/reports/timeseries_objective_function_report_Cooling Capacity.html to http://localhost:8080/data_points/a82a0ba6-c26f-4edd-9147-e7e5d42c46ea/upload_file
[08:55:59.419826 INFO] Saving report responded with {"id":"5af5aeff104ea2923f61a777","data_point_id":"a82a0ba6-c26f-4edd-9147-e7e5d42c46ea","display_name":"timeseries_objective_function_report_Cooling Capacity","type":"Report","created_at":"2018-05-11T14:55:59.407Z","updated_at":"2018-05-11T14:55:59.407Z"}
[08:55:59.419972 INFO] Saving report /Users/dgoldwas/Documents/GitHub/NREL/OpenStudio-fault-models/pat_projects/PAT_FRP_condernser_fouling/temp_data/analysis_238947ed-fb40-4d51-9134-f79aa4ddceb1/data_point_a82a0ba6-c26f-4edd-9147-e7e5d42c46ea/reports/timeseries_objective_function_report_Cooling Consumption.html to http://localhost:8080/data_points/a82a0ba6-c26f-4edd-9147-e7e5d42c46ea/upload_file
[08:55:59.693953 INFO] Saving report responded with {"id":"5af5aeff104ea2923f61a77a","data_point_id":"a82a0ba6-c26f-4edd-9147-e7e5d42c46ea","display_name":"timeseries_objective_function_report_Cooling Consumption","type":"Report","created_at":"2018-05-11T14:55:59.678Z","updated_at":"2018-05-11T14:55:59.678Z"}
[08:55:59.694078 INFO] Saving report /Users/dgoldwas/Documents/GitHub/NREL/OpenStudio-fault-models/pat_projects/PAT_FRP_condernser_fouling/temp_data/analysis_238947ed-fb40-4d51-9134-f79aa4ddceb1/data_point_a82a0ba6-c26f-4edd-9147-e7e5d42c46ea/reports/timeseries_objective_function_report_Equipment Consumption.html to http://localhost:8080/data_points/a82a0ba6-c26f-4edd-9147-e7e5d42c46ea/upload_file
[08:55:59.922667 INFO] Saving report responded with {"id":"5af5aeff104ea2923f61a77d","data_point_id":"a82a0ba6-c26f-4edd-9147-e7e5d42c46ea","display_name":"timeseries_objective_function_report_Equipment Consumption","type":"Report","created_at":"2018-05-11T14:55:59.904Z","updated_at":"2018-05-11T14:55:59.904Z"}
[08:55:59.922812 INFO] Saving report /Users/dgoldwas/Documents/GitHub/NREL/OpenStudio-fault-models/pat_projects/PAT_FRP_condernser_fouling/temp_data/analysis_238947ed-fb40-4d51-9134-f79aa4ddceb1/data_point_a82a0ba6-c26f-4edd-9147-e7e5d42c46ea/reports/timeseries_objective_function_report_Fan Consumption.html to http://localhost:8080/data_points/a82a0ba6-c26f-4edd-9147-e7e5d42c46ea/upload_file
[08:56:00.061034 INFO] Saving report responded with {"id":"5af5af00104ea2923f61a780","data_point_id":"a82a0ba6-c26f-4edd-9147-e7e5d42c46ea","display_name":"timeseries_objective_function_report_Fan Consumption","type":"Report","created_at":"2018-05-11T14:56:00.031Z","updated_at":"2018-05-11T14:56:00.031Z"}
[08:56:00.061165 INFO] Saving report /Users/dgoldwas/Documents/GitHub/NREL/OpenStudio-fault-models/pat_projects/PAT_FRP_condernser_fouling/temp_data/analysis_238947ed-fb40-4d51-9134-f79aa4ddceb1/data_point_a82a0ba6-c26f-4edd-9147-e7e5d42c46ea/reports/timeseries_objective_function_report_Heating Consumption.html to http://localhost:8080/data_points/a82a0ba6-c26f-4edd-9147-e7e5d42c46ea/upload_file
[08:56:00.189007 INFO] Saving report responded with {"id":"5af5af00104ea2923f61a783","data_point_id":"a82a0ba6-c26f-4edd-9147-e7e5d42c46ea","display_name":"timeseries_objective_function_report_Heating Consumption","type":"Report","created_at":"2018-05-11T14:56:00.175Z","updated_at":"2018-05-11T14:56:00.175Z"}
[08:56:00.189131 INFO] Saving report /Users/dgoldwas/Documents/GitHub/NREL/OpenStudio-fault-models/pat_projects/PAT_FRP_condernser_fouling/temp_data/analysis_238947ed-fb40-4d51-9134-f79aa4ddceb1/data_point_a82a0ba6-c26f-4edd-9147-e7e5d42c46ea/reports/timeseries_objective_function_report_Lighting Consumption.html to http://localhost:8080/data_points/a82a0ba6-c26f-4edd-9147-e7e5d42c46ea/upload_file
[08:56:00.328174 INFO] Saving report responded with {"id":"5af5af00104ea2923f61a786","data_point_id":"a82a0ba6-c26f-4edd-9147-e7e5d42c46ea","display_name":"timeseries_objective_function_report_Lighting Consumption","type":"Report","created_at":"2018-05-11T14:56:00.314Z","updated_at":"2018-05-11T14:56:00.314Z"}
[08:56:00.328316 INFO] Saving report /Users/dgoldwas/Documents/GitHub/NREL/OpenStudio-fault-models/pat_projects/PAT_FRP_condernser_fouling/temp_data/analysis_238947ed-fb40-4d51-9134-f79aa4ddceb1/data_point_a82a0ba6-c26f-4edd-9147-e7e5d42c46ea/reports/timeseries_objective_function_report_Outdoor Air Temperature.html to http://localhost:8080/data_points/a82a0ba6-c26f-4edd-9147-e7e5d42c46ea/upload_file
[08:56:00.485574 INFO] Saving report responded with {"id":"5af5af00104ea2923f61a789","data_point_id":"a82a0ba6-c26f-4edd-9147-e7e5d42c46ea","display_name":"timeseries_objective_function_report_Outdoor Air Temperature","type":"Report","created_at":"2018-05-11T14:56:00.471Z","updated_at":"2018-05-11T14:56:00.471Z"}
[08:56:00.485710 INFO] Saving report /Users/dgoldwas/Documents/GitHub/NREL/OpenStudio-fault-models/pat_projects/PAT_FRP_condernser_fouling/temp_data/analysis_238947ed-fb40-4d51-9134-f79aa4ddceb1/data_point_a82a0ba6-c26f-4edd-9147-e7e5d42c46ea/reports/timeseries_objective_function_report_RTU Enter.html to http://localhost:8080/data_points/a82a0ba6-c26f-4edd-9147-e7e5d42c46ea/upload_file
[08:56:00.620373 INFO] Saving report responded with {"id":"5af5af00104ea2923f61a78c","data_point_id":"a82a0ba6-c26f-4edd-9147-e7e5d42c46ea","display_name":"timeseries_objective_function_report_RTU Enter","type":"Report","created_at":"2018-05-11T14:56:00.605Z","updated_at":"2018-05-11T14:56:00.605Z"}
[08:56:00.620477 INFO] Saving report /Users/dgoldwas/Documents/GitHub/NREL/OpenStudio-fault-models/pat_projects/PAT_FRP_condernser_fouling/temp_data/analysis_238947ed-fb40-4d51-9134-f79aa4ddceb1/data_point_a82a0ba6-c26f-4edd-9147-e7e5d42c46ea/reports/timeseries_objective_function_report_RTU Exit.html to http://localhost:8080/data_points/a82a0ba6-c26f-4edd-9147-e7e5d42c46ea/upload_file
[08:56:00.788839 INFO] Saving report responded with {"id":"5af5af00104ea2923f61a78f","data_point_id":"a82a0ba6-c26f-4edd-9147-e7e5d42c46ea","display_name":"timeseries_objective_function_report_RTU Exit","type":"Report","created_at":"2018-05-11T14:56:00.766Z","updated_at":"2018-05-11T14:56:00.766Z"}
[08:56:00.788980 INFO] Saving report /Users/dgoldwas/Documents/GitHub/NREL/OpenStudio-fault-models/pat_projects/PAT_FRP_condernser_fouling/temp_data/analysis_238947ed-fb40-4d51-9134-f79aa4ddceb1/data_point_a82a0ba6-c26f-4edd-9147-e7e5d42c46ea/reports/timeseries_objective_function_report_Standard Airflow Volume.html to http://localhost:8080/data_points/a82a0ba6-c26f-4edd-9147-e7e5d42c46ea/upload_file
[08:56:00.920899 INFO] Saving report responded with {"id":"5af5af00104ea2923f61a792","data_point_id":"a82a0ba6-c26f-4edd-9147-e7e5d42c46ea","display_name":"timeseries_objective_function_report_Standard Airflow Volume","type":"Report","created_at":"2018-05-11T14:56:00.888Z","updated_at":"2018-05-11T14:56:00.888Z"}
[08:56:00.921019 INFO] Saving report /Users/dgoldwas/Documents/GitHub/NREL/OpenStudio-fault-models/pat_projects/PAT_FRP_condernser_fouling/temp_data/analysis_238947ed-fb40-4d51-9134-f79aa4ddceb1/data_point_a82a0ba6-c26f-4edd-9147-e7e5d42c46ea/reports/timeseries_objective_function_report_Total Consumption.html to http://localhost:8080/data_points/a82a0ba6-c26f-4edd-9147-e7e5d42c46ea/upload_file
[08:56:00.990691 INFO] Saving report responded with {"id":"5af5af00104ea2923f61a794","data_point_id":"a82a0ba6-c26f-4edd-9147-e7e5d42c46ea","display_name":"timeseries_objective_function_report_Total Consumption","type":"Report","created_at":"2018-05-11T14:56:00.976Z","updated_at":"2018-05-11T14:56:00.976Z"}
[08:56:00.990935 INFO] Saving report /Users/dgoldwas/Documents/GitHub/NREL/OpenStudio-fault-models/pat_projects/PAT_FRP_condernser_fouling/temp_data/analysis_238947ed-fb40-4d51-9134-f79aa4ddceb1/data_point_a82a0ba6-c26f-4edd-9147-e7e5d42c46ea/run/objectives.json to http://localhost:8080/data_points/a82a0ba6-c26f-4edd-9147-e7e5d42c46ea/upload_file
[08:56:01.106549 INFO] Saving report responded with {"id":"5af5af01104ea2923f61a796","data_point_id":"a82a0ba6-c26f-4edd-9147-e7e5d42c46ea","display_name":"objectives","type":"Report","created_at":"2018-05-11T14:56:01.091Z","updated_at":"2018-05-11T14:56:01.091Z"}
[08:56:01.106759 INFO] Saving report /Users/dgoldwas/Documents/GitHub/NREL/OpenStudio-fault-models/pat_projects/PAT_FRP_condernser_fouling/temp_data/analysis_238947ed-fb40-4d51-9134-f79aa4ddceb1/data_point_a82a0ba6-c26f-4edd-9147-e7e5d42c46ea/out.osw to http://localhost:8080/data_points/a82a0ba6-c26f-4edd-9147-e7e5d42c46ea/upload_file
[08:56:01.226378 INFO] Saving report responded with {"id":"5af5af01104ea2923f61a798","data_point_id":"a82a0ba6-c26f-4edd-9147-e7e5d42c46ea","display_name":"Final OSW File","type":"Report","created_at":"2018-05-11T14:56:01.208Z","updated_at":"2018-05-11T14:56:01.208Z"}
[08:56:01.226588 INFO] Saving report /Users/dgoldwas/Documents/GitHub/NREL/OpenStudio-fault-models/pat_projects/PAT_FRP_condernser_fouling/temp_data/analysis_238947ed-fb40-4d51-9134-f79aa4ddceb1/data_point_a82a0ba6-c26f-4edd-9147-e7e5d42c46ea/in.osm to http://localhost:8080/data_points/a82a0ba6-c26f-4edd-9147-e7e5d42c46ea/upload_file
[08:56:01.348376 INFO] Saving report responded with {"id":"5af5af01104ea2923f61a79a","data_point_id":"a82a0ba6-c26f-4edd-9147-e7e5d42c46ea","display_name":"model","type":"OpenStudio Model","created_at":"2018-05-11T14:56:01.331Z","updated_at":"2018-05-11T14:56:01.331Z"}
[08:56:01.348593 INFO] Saving report /Users/dgoldwas/Documents/GitHub/NREL/OpenStudio-fault-models/pat_projects/PAT_FRP_condernser_fouling/temp_data/analysis_238947ed-fb40-4d51-9134-f79aa4ddceb1/data_point_a82a0ba6-c26f-4edd-9147-e7e5d42c46ea/run/data_point.zip to http://localhost:8080/data_points/a82a0ba6-c26f-4edd-9147-e7e5d42c46ea/upload_file
[08:56:01.555379 INFO] Saving report responded with {"id":"5af5af01104ea2923f61a79c","data_point_id":"a82a0ba6-c26f-4edd-9147-e7e5d42c46ea","display_name":"Zip File","type":"Data Point","created_at":"2018-05-11T14:56:01.529Z","updated_at":"2018-05-11T14:56:01.529Z"}
[08:56:01.566599 INFO] Finished /Applications/OpenStudio-2.5.1/ParametricAnalysisTool.app/Contents/Resources/OpenStudio-server/server/app/workers/run_simulate_data_point.rb
