# Logfile created on 2018-05-11 08:55:12 -0600 by logger.rb/47272
[08:55:12.535097 INFO] Server host is http://localhost:8080
[08:55:12.535137 INFO] Analysis directory is /Users/dgoldwas/Documents/GitHub/NREL/OpenStudio-fault-models/pat_projects/PAT_FRP_condernser_fouling/temp_data/analysis_238947ed-fb40-4d51-9134-f79aa4ddceb1
[08:55:12.535171 INFO] Simulation directory is /Users/dgoldwas/Documents/GitHub/NREL/OpenStudio-fault-models/pat_projects/PAT_FRP_condernser_fouling/temp_data/analysis_238947ed-fb40-4d51-9134-f79aa4ddceb1/data_point_52b7d2e1-c8a2-4eab-b89c-e450c9c11867
[08:55:12.535188 INFO] Run datapoint type/file is workflow
[08:55:12.535216 INFO] Starting initialize_worker for datapoint 52b7d2e1-c8a2-4eab-b89c-e450c9c11867
[08:55:12.535263 INFO] write_lock_file exists, checking & waiting for receipt file
[08:55:12.535336 INFO] waiting for receipt file to appear
[08:55:15.535492 INFO] receipt_file appeared, moving on
[08:55:15.542036 INFO] Downloading datapoint from http://localhost:8080/data_points/52b7d2e1-c8a2-4eab-b89c-e450c9c11867.json
[08:55:15.574442 INFO] Creating Workflow Manager instance
[08:55:15.574540 INFO] Directory is /Users/dgoldwas/Documents/GitHub/NREL/OpenStudio-fault-models/pat_projects/PAT_FRP_condernser_fouling/temp_data/analysis_238947ed-fb40-4d51-9134-f79aa4ddceb1/data_point_52b7d2e1-c8a2-4eab-b89c-e450c9c11867
[08:55:15.574592 INFO] Opening run.log file '/Users/dgoldwas/Documents/GitHub/NREL/OpenStudio-fault-models/pat_projects/PAT_FRP_condernser_fouling/temp_data/analysis_238947ed-fb40-4d51-9134-f79aa4ddceb1/data_point_52b7d2e1-c8a2-4eab-b89c-e450c9c11867/run/run.log'
[08:55:15.611038 INFO] Running workflow
[08:55:58.854531 INFO] Final run state is finished
[08:55:58.909492 INFO] Saving files/reports back to the server
[08:55:58.910210 INFO] Saving report /Users/dgoldwas/Documents/GitHub/NREL/OpenStudio-fault-models/pat_projects/PAT_FRP_condernser_fouling/temp_data/analysis_238947ed-fb40-4d51-9134-f79aa4ddceb1/data_point_52b7d2e1-c8a2-4eab-b89c-e450c9c11867/reports/eplustbl.html to http://localhost:8080/data_points/52b7d2e1-c8a2-4eab-b89c-e450c9c11867/upload_file
[08:55:58.997650 INFO] Saving report responded with {"id":"5af5aefe104ea2923f61a772","data_point_id":"52b7d2e1-c8a2-4eab-b89c-e450c9c11867","display_name":"eplustbl","type":"Report","created_at":"2018-05-11T14:55:58.985Z","updated_at":"2018-05-11T14:55:58.985Z"}
[08:55:58.997788 INFO] Saving report /Users/dgoldwas/Documents/GitHub/NREL/OpenStudio-fault-models/pat_projects/PAT_FRP_condernser_fouling/temp_data/analysis_238947ed-fb40-4d51-9134-f79aa4ddceb1/data_point_52b7d2e1-c8a2-4eab-b89c-e450c9c11867/reports/openstudio_results_report.html to http://localhost:8080/data_points/52b7d2e1-c8a2-4eab-b89c-e450c9c11867/upload_file
[08:55:59.381585 INFO] Saving report responded with {"id":"5af5aeff104ea2923f61a776","data_point_id":"52b7d2e1-c8a2-4eab-b89c-e450c9c11867","display_name":"openstudio_results_report","type":"Report","created_at":"2018-05-11T14:55:59.369Z","updated_at":"2018-05-11T14:55:59.369Z"}
[08:55:59.381721 INFO] Saving report /Users/dgoldwas/Documents/GitHub/NREL/OpenStudio-fault-models/pat_projects/PAT_FRP_condernser_fouling/temp_data/analysis_238947ed-fb40-4d51-9134-f79aa4ddceb1/data_point_52b7d2e1-c8a2-4eab-b89c-e450c9c11867/reports/timeseries_objective_function_report_Cooling Capacity.html to http://localhost:8080/data_points/52b7d2e1-c8a2-4eab-b89c-e450c9c11867/upload_file
[08:55:59.655771 INFO] Saving report responded with {"id":"5af5aeff104ea2923f61a779","data_point_id":"52b7d2e1-c8a2-4eab-b89c-e450c9c11867","display_name":"timeseries_objective_function_report_Cooling Capacity","type":"Report","created_at":"2018-05-11T14:55:59.643Z","updated_at":"2018-05-11T14:55:59.643Z"}
[08:55:59.655900 INFO] Saving report /Users/dgoldwas/Documents/GitHub/NREL/OpenStudio-fault-models/pat_projects/PAT_FRP_condernser_fouling/temp_data/analysis_238947ed-fb40-4d51-9134-f79aa4ddceb1/data_point_52b7d2e1-c8a2-4eab-b89c-e450c9c11867/reports/timeseries_objective_function_report_Cooling Consumption.html to http://localhost:8080/data_points/52b7d2e1-c8a2-4eab-b89c-e450c9c11867/upload_file
[08:55:59.875704 INFO] Saving report responded with {"id":"5af5aeff104ea2923f61a77c","data_point_id":"52b7d2e1-c8a2-4eab-b89c-e450c9c11867","display_name":"timeseries_objective_function_report_Cooling Consumption","type":"Report","created_at":"2018-05-11T14:55:59.862Z","updated_at":"2018-05-11T14:55:59.862Z"}
[08:55:59.875836 INFO] Saving report /Users/dgoldwas/Documents/GitHub/NREL/OpenStudio-fault-models/pat_projects/PAT_FRP_condernser_fouling/temp_data/analysis_238947ed-fb40-4d51-9134-f79aa4ddceb1/data_point_52b7d2e1-c8a2-4eab-b89c-e450c9c11867/reports/timeseries_objective_function_report_Equipment Consumption.html to http://localhost:8080/data_points/52b7d2e1-c8a2-4eab-b89c-e450c9c11867/upload_file
[08:56:00.001139 INFO] Saving report responded with {"id":"5af5aeff104ea2923f61a77f","data_point_id":"52b7d2e1-c8a2-4eab-b89c-e450c9c11867","display_name":"timeseries_objective_function_report_Equipment Consumption","type":"Report","created_at":"2018-05-11T14:55:59.989Z","updated_at":"2018-05-11T14:55:59.989Z"}
[08:56:00.001333 INFO] Saving report /Users/dgoldwas/Documents/GitHub/NREL/OpenStudio-fault-models/pat_projects/PAT_FRP_condernser_fouling/temp_data/analysis_238947ed-fb40-4d51-9134-f79aa4ddceb1/data_point_52b7d2e1-c8a2-4eab-b89c-e450c9c11867/reports/timeseries_objective_function_report_Fan Consumption.html to http://localhost:8080/data_points/52b7d2e1-c8a2-4eab-b89c-e450c9c11867/upload_file
[08:56:00.144655 INFO] Saving report responded with {"id":"5af5af00104ea2923f61a782","data_point_id":"52b7d2e1-c8a2-4eab-b89c-e450c9c11867","display_name":"timeseries_objective_function_report_Fan Consumption","type":"Report","created_at":"2018-05-11T14:56:00.131Z","updated_at":"2018-05-11T14:56:00.131Z"}
[08:56:00.144791 INFO] Saving report /Users/dgoldwas/Documents/GitHub/NREL/OpenStudio-fault-models/pat_projects/PAT_FRP_condernser_fouling/temp_data/analysis_238947ed-fb40-4d51-9134-f79aa4ddceb1/data_point_52b7d2e1-c8a2-4eab-b89c-e450c9c11867/reports/timeseries_objective_function_report_Heating Consumption.html to http://localhost:8080/data_points/52b7d2e1-c8a2-4eab-b89c-e450c9c11867/upload_file
[08:56:00.292942 INFO] Saving report responded with {"id":"5af5af00104ea2923f61a785","data_point_id":"52b7d2e1-c8a2-4eab-b89c-e450c9c11867","display_name":"timeseries_objective_function_report_Heating Consumption","type":"Report","created_at":"2018-05-11T14:56:00.270Z","updated_at":"2018-05-11T14:56:00.270Z"}
[08:56:00.293101 INFO] Saving report /Users/dgoldwas/Documents/GitHub/NREL/OpenStudio-fault-models/pat_projects/PAT_FRP_condernser_fouling/temp_data/analysis_238947ed-fb40-4d51-9134-f79aa4ddceb1/data_point_52b7d2e1-c8a2-4eab-b89c-e450c9c11867/reports/timeseries_objective_function_report_Lighting Consumption.html to http://localhost:8080/data_points/52b7d2e1-c8a2-4eab-b89c-e450c9c11867/upload_file
[08:56:00.445127 INFO] Saving report responded with {"id":"5af5af00104ea2923f61a788","data_point_id":"52b7d2e1-c8a2-4eab-b89c-e450c9c11867","display_name":"timeseries_objective_function_report_Lighting Consumption","type":"Report","created_at":"2018-05-11T14:56:00.432Z","updated_at":"2018-05-11T14:56:00.432Z"}
[08:56:00.445265 INFO] Saving report /Users/dgoldwas/Documents/GitHub/NREL/OpenStudio-fault-models/pat_projects/PAT_FRP_condernser_fouling/temp_data/analysis_238947ed-fb40-4d51-9134-f79aa4ddceb1/data_point_52b7d2e1-c8a2-4eab-b89c-e450c9c11867/reports/timeseries_objective_function_report_Outdoor Air Temperature.html to http://localhost:8080/data_points/52b7d2e1-c8a2-4eab-b89c-e450c9c11867/upload_file
[08:56:00.581442 INFO] Saving report responded with {"id":"5af5af00104ea2923f61a78b","data_point_id":"52b7d2e1-c8a2-4eab-b89c-e450c9c11867","display_name":"timeseries_objective_function_report_Outdoor Air Temperature","type":"Report","created_at":"2018-05-11T14:56:00.565Z","updated_at":"2018-05-11T14:56:00.565Z"}
[08:56:00.581564 INFO] Saving report /Users/dgoldwas/Documents/GitHub/NREL/OpenStudio-fault-models/pat_projects/PAT_FRP_condernser_fouling/temp_data/analysis_238947ed-fb40-4d51-9134-f79aa4ddceb1/data_point_52b7d2e1-c8a2-4eab-b89c-e450c9c11867/reports/timeseries_objective_function_report_RTU Enter.html to http://localhost:8080/data_points/52b7d2e1-c8a2-4eab-b89c-e450c9c11867/upload_file
[08:56:00.734740 INFO] Saving report responded with {"id":"5af5af00104ea2923f61a78e","data_point_id":"52b7d2e1-c8a2-4eab-b89c-e450c9c11867","display_name":"timeseries_objective_function_report_RTU Enter","type":"Report","created_at":"2018-05-11T14:56:00.719Z","updated_at":"2018-05-11T14:56:00.719Z"}
[08:56:00.734890 INFO] Saving report /Users/dgoldwas/Documents/GitHub/NREL/OpenStudio-fault-models/pat_projects/PAT_FRP_condernser_fouling/temp_data/analysis_238947ed-fb40-4d51-9134-f79aa4ddceb1/data_point_52b7d2e1-c8a2-4eab-b89c-e450c9c11867/reports/timeseries_objective_function_report_RTU Exit.html to http://localhost:8080/data_points/52b7d2e1-c8a2-4eab-b89c-e450c9c11867/upload_file
[08:56:00.862290 INFO] Saving report responded with {"id":"5af5af00104ea2923f61a791","data_point_id":"52b7d2e1-c8a2-4eab-b89c-e450c9c11867","display_name":"timeseries_objective_function_report_RTU Exit","type":"Report","created_at":"2018-05-11T14:56:00.848Z","updated_at":"2018-05-11T14:56:00.848Z"}
[08:56:00.862451 INFO] Saving report /Users/dgoldwas/Documents/GitHub/NREL/OpenStudio-fault-models/pat_projects/PAT_FRP_condernser_fouling/temp_data/analysis_238947ed-fb40-4d51-9134-f79aa4ddceb1/data_point_52b7d2e1-c8a2-4eab-b89c-e450c9c11867/reports/timeseries_objective_function_report_Standard Airflow Volume.html to http://localhost:8080/data_points/52b7d2e1-c8a2-4eab-b89c-e450c9c11867/upload_file
[08:56:00.954859 INFO] Saving report responded with {"id":"5af5af00104ea2923f61a793","data_point_id":"52b7d2e1-c8a2-4eab-b89c-e450c9c11867","display_name":"timeseries_objective_function_report_Standard Airflow Volume","type":"Report","created_at":"2018-05-11T14:56:00.941Z","updated_at":"2018-05-11T14:56:00.941Z"}
[08:56:00.954998 INFO] Saving report /Users/dgoldwas/Documents/GitHub/NREL/OpenStudio-fault-models/pat_projects/PAT_FRP_condernser_fouling/temp_data/analysis_238947ed-fb40-4d51-9134-f79aa4ddceb1/data_point_52b7d2e1-c8a2-4eab-b89c-e450c9c11867/reports/timeseries_objective_function_report_Total Consumption.html to http://localhost:8080/data_points/52b7d2e1-c8a2-4eab-b89c-e450c9c11867/upload_file
[08:56:01.059153 INFO] Saving report responded with {"id":"5af5af01104ea2923f61a795","data_point_id":"52b7d2e1-c8a2-4eab-b89c-e450c9c11867","display_name":"timeseries_objective_function_report_Total Consumption","type":"Report","created_at":"2018-05-11T14:56:01.045Z","updated_at":"2018-05-11T14:56:01.045Z"}
[08:56:01.059338 INFO] Saving report /Users/dgoldwas/Documents/GitHub/NREL/OpenStudio-fault-models/pat_projects/PAT_FRP_condernser_fouling/temp_data/analysis_238947ed-fb40-4d51-9134-f79aa4ddceb1/data_point_52b7d2e1-c8a2-4eab-b89c-e450c9c11867/run/objectives.json to http://localhost:8080/data_points/52b7d2e1-c8a2-4eab-b89c-e450c9c11867/upload_file
[08:56:01.142751 INFO] Saving report responded with {"id":"5af5af01104ea2923f61a797","data_point_id":"52b7d2e1-c8a2-4eab-b89c-e450c9c11867","display_name":"objectives","type":"Report","created_at":"2018-05-11T14:56:01.121Z","updated_at":"2018-05-11T14:56:01.121Z"}
[08:56:01.143040 INFO] Saving report /Users/dgoldwas/Documents/GitHub/NREL/OpenStudio-fault-models/pat_projects/PAT_FRP_condernser_fouling/temp_data/analysis_238947ed-fb40-4d51-9134-f79aa4ddceb1/data_point_52b7d2e1-c8a2-4eab-b89c-e450c9c11867/out.osw to http://localhost:8080/data_points/52b7d2e1-c8a2-4eab-b89c-e450c9c11867/upload_file
[08:56:01.301670 INFO] Saving report responded with {"id":"5af5af01104ea2923f61a799","data_point_id":"52b7d2e1-c8a2-4eab-b89c-e450c9c11867","display_name":"Final OSW File","type":"Report","created_at":"2018-05-11T14:56:01.282Z","updated_at":"2018-05-11T14:56:01.282Z"}
[08:56:01.301909 INFO] Saving report /Users/dgoldwas/Documents/GitHub/NREL/OpenStudio-fault-models/pat_projects/PAT_FRP_condernser_fouling/temp_data/analysis_238947ed-fb40-4d51-9134-f79aa4ddceb1/data_point_52b7d2e1-c8a2-4eab-b89c-e450c9c11867/in.osm to http://localhost:8080/data_points/52b7d2e1-c8a2-4eab-b89c-e450c9c11867/upload_file
[08:56:01.439742 INFO] Saving report responded with {"id":"5af5af01104ea2923f61a79b","data_point_id":"52b7d2e1-c8a2-4eab-b89c-e450c9c11867","display_name":"model","type":"OpenStudio Model","created_at":"2018-05-11T14:56:01.399Z","updated_at":"2018-05-11T14:56:01.399Z"}
[08:56:01.440080 INFO] Saving report /Users/dgoldwas/Documents/GitHub/NREL/OpenStudio-fault-models/pat_projects/PAT_FRP_condernser_fouling/temp_data/analysis_238947ed-fb40-4d51-9134-f79aa4ddceb1/data_point_52b7d2e1-c8a2-4eab-b89c-e450c9c11867/run/data_point.zip to http://localhost:8080/data_points/52b7d2e1-c8a2-4eab-b89c-e450c9c11867/upload_file
[08:56:01.656784 INFO] Saving report responded with {"id":"5af5af01104ea2923f61a79d","data_point_id":"52b7d2e1-c8a2-4eab-b89c-e450c9c11867","display_name":"Zip File","type":"Data Point","created_at":"2018-05-11T14:56:01.614Z","updated_at":"2018-05-11T14:56:01.614Z"}
[08:56:01.669646 INFO] Finished /Applications/OpenStudio-2.5.1/ParametricAnalysisTool.app/Contents/Resources/OpenStudio-server/server/app/workers/run_simulate_data_point.rb
